Starting at: Tue Jun 27 13:55:44 IDT 2023

SLURM_JOBID:		 864735
SLURM_JOB_NODELIST:	 cs-gpu-02 



5000 samples
50 batches
Epoch 1000/2000, Loss: 4.947836532592773
Epoch 2000/2000, Loss: 4.9299178981781
Approximated J(p)v:
(0.6912613, 3.1675336, -2.2839015, 1.4371)

Real delta(p,v):
(1.3923473, 3.0606227, -1.570574, 1.7608502)

The matrix J(p):
0.0000	0.0000	1.0475	0.0000	0.0000	0.0000	0.0000	0.0000	0.9861	0.0000	0.0000	0.0000	0.0000	0.0000	0.9890	0.0000	0.0000	0.0000	0.0000	0.0000	0.9857	0.0000	0.0000	0.0000	0.0000	0.0000	0.9804	0.0000	0.0000	0.0000
0.0000	0.0000	0.0000	0.9888	0.0000	0.0000	0.0000	0.0000	0.1831	0.9596	0.0000	0.0000	0.0000	0.0000	0.0861	0.9687	0.0000	0.0000	0.0000	0.0000	0.0000	1.0978	0.1022	0.1850	0.0000	0.0000	0.0000	0.8912	0.0000	0.0000
0.0000	0.0000	0.0000	0.0000	1.0385	0.0000	0.0000	0.0000	0.0000	0.0000	0.9242	0.0000	0.0000	0.0000	0.0000	0.0000	1.0375	0.0000	0.0000	0.0000	0.0000	0.0000	0.8576	0.0000	0.0000	0.0000	0.0000	0.0000	1.0577	0.0000
0.0000	0.0000	0.0000	0.0000	0.0000	1.0158	0.0000	0.0000	0.0181	0.0000	0.0000	0.9948	0.0000	0.0000	0.0000	0.0000	0.0000	0.9149	0.0000	0.0000	0.0000	0.0000	0.0000	1.0905	0.0000	0.0000	0.0000	0.0000	0.0000	0.9178
Approximated J(p)v:
(-3.4398167, 3.511166, -4.1185403, -1.0232064)

Real delta(p,v):
(-0.22540712, 2.5117764, -0.63784456, -1.4727775)

The matrix J(p):
0.0000	0.2376	1.0602	0.0000	0.0000	0.1524	0.0000	0.0000	0.8173	0.0000	0.3575	0.5858	0.0000	0.0000	1.1744	0.0000	0.0000	0.0000	0.0000	0.0000	0.9951	0.0000	0.0000	0.0000	0.0000	0.0000	0.9491	0.1776	0.1879	0.0000
0.0000	0.0000	0.0000	1.0656	0.0000	0.0000	0.0000	0.0000	0.1006	1.1585	0.0000	0.0000	0.0000	0.0000	0.0000	0.8172	0.0000	0.0000	0.0000	0.0000	0.0000	1.0559	0.2599	0.0000	0.0000	0.0000	0.0000	1.0045	0.0000	0.0000
0.0000	0.3166	0.7639	0.0000	0.9626	0.0000	0.0000	0.0000	0.0000	0.0000	1.0474	0.5800	0.0000	0.0000	0.5819	0.0000	0.7429	0.0000	0.0000	0.1010	0.0000	0.0000	1.0617	0.0000	0.0000	0.0000	0.0395	0.0000	0.9722	0.2771
0.0000	0.0000	0.0000	0.0000	0.0000	0.9615	0.0000	0.0000	0.4121	0.0000	0.0000	0.9161	0.0000	0.0000	0.0000	0.0000	0.0000	0.8316	0.0000	0.0000	0.1681	0.0000	0.0000	0.8542	0.0000	0.0000	0.0000	0.0000	0.8383	0.8572
Approximated J(p)v:
(2.7924616, 2.735853, 1.993892, -0.9469318)

Real delta(p,v):
(4.1249876, -1.1807735, 3.835005, -4.737221)

The matrix J(p):
0.0000	0.0000	1.0695	0.0000	0.0000	0.0000	0.0000	0.0000	0.9489	0.0000	0.0000	0.0000	0.0000	0.0000	0.9803	0.0000	0.0000	0.0000	0.0000	0.0000	1.0186	0.0000	0.0000	0.0000	0.0000	0.0000	0.9544	0.0000	0.0000	0.0000
0.0000	0.0000	0.0000	0.9662	0.0000	0.0000	0.0000	0.0000	0.1462	1.0094	0.0000	0.0000	0.0000	0.0000	0.0825	1.0227	0.0000	0.0000	0.0000	0.0000	0.0000	1.0034	0.1105	0.4239	0.0000	0.0000	0.0000	0.8985	0.0000	0.0613
0.0000	0.0000	0.0000	0.0000	1.1486	0.0000	0.0000	0.0000	0.0000	0.0000	0.9085	0.0000	0.0000	0.0000	0.0000	0.0000	0.9420	0.0000	0.0000	0.0000	0.0000	0.0000	0.8454	0.2923	0.0000	0.0000	0.0000	0.0000	1.1495	0.0000
0.0000	0.0000	0.0000	0.0000	0.0000	0.9487	0.0000	0.0000	0.0000	0.0000	0.0234	0.9543	0.0000	0.0000	0.3011	0.0000	0.0764	0.9690	0.0000	0.0000	0.0000	0.0160	0.0000	1.1005	0.0000	0.0000	0.0000	0.0000	0.0000	1.0066
Approximated J(p)v:
(0.962466, -2.6368067, -0.39034438, -0.64048207)

Real delta(p,v):
(0.6540928, 1.723542, -0.9239601, 3.2752712)

The matrix J(p):
0.0000	0.0000	1.0489	0.0000	0.0000	0.0000	0.0000	0.0000	0.8944	0.0000	0.0000	0.0000	0.0000	0.0000	1.0698	0.0000	0.0000	0.0000	0.0000	0.0000	0.9903	0.0000	0.0000	0.0000	0.0000	0.0000	0.9675	0.0000	0.0000	0.0000
0.0000	0.0000	0.0000	1.0372	0.0000	0.0000	0.0000	0.0000	0.1819	1.0059	0.0000	0.0000	0.0000	0.0000	0.0369	0.8941	0.0000	0.0000	0.0000	0.0000	0.0000	1.0818	0.2238	0.0000	0.0000	0.0000	0.0000	0.9138	0.0000	0.0000
0.0000	0.0000	0.0000	0.0000	0.9843	0.0000	0.0000	0.0000	0.0000	0.0000	0.9475	0.0000	0.0000	0.0000	0.0365	0.0000	0.9201	0.0000	0.0000	0.0000	0.0000	0.0000	0.9277	0.0000	0.0000	0.0000	0.0000	0.0000	1.0298	0.0000
0.0000	0.0000	0.0000	0.0000	0.0000	1.0247	0.0000	0.0000	0.2513	0.0000	0.0000	0.9593	0.0000	0.0000	0.0000	0.0000	0.0000	0.8574	0.0000	0.0000	0.0000	0.0000	0.0000	1.0012	0.0000	0.0000	0.0000	0.0000	0.0000	0.8891
Approximated J(p)v:
(1.7617795, 1.4846548, 2.6260386, -1.025479)

Real delta(p,v):
(3.4552598, -0.5061021, 4.4197025, -2.9743428)

The matrix J(p):
0.0000	0.0000	1.0899	0.0000	0.0000	0.0000	0.0000	0.0000	1.0994	0.0000	0.0000	0.0000	0.0000	0.0000	0.9425	0.0000	0.0000	0.0000	0.0000	0.0000	0.9665	0.0000	0.0000	0.0000	0.0000	0.0000	0.9955	0.0000	0.0000	0.0000
0.0000	0.0000	0.0000	0.8689	0.0000	0.0000	0.0190	0.0000	0.1868	1.0587	0.0000	0.0000	0.0000	0.0000	0.0697	1.0424	0.2486	0.0000	0.0000	0.0000	0.1108	1.0664	0.0000	0.7886	0.0000	0.0000	0.0000	0.9366	0.0000	0.0764
0.0000	0.0000	0.0000	0.0000	1.1819	0.1838	0.0000	0.0000	0.0000	0.0000	0.9903	0.0000	0.0000	0.0000	0.0000	0.0000	1.1129	0.0000	0.0000	0.0000	0.0000	0.0000	0.8335	0.0048	0.0000	0.0000	0.0000	0.0000	1.1153	0.0000
0.0000	0.0000	0.0000	0.0000	0.0000	0.8212	0.0000	0.0000	0.0000	0.0000	0.1106	1.0824	0.0000	0.0000	0.5675	0.0000	0.4880	1.0432	0.0000	0.0000	0.0000	0.0000	0.0000	1.1485	0.0000	0.0000	0.0000	0.0000	0.0000	0.9437
Approximated J(p)v:
(0.4833439, -1.4498693, 1.5806487, -2.4689648)

Real delta(p,v):
(-2.0681472, 1.7490147, -0.89514196, 0.2987914)

The matrix J(p):
0.0000	0.0000	0.9869	0.0000	0.0000	0.0000	0.0000	0.1440	0.9276	0.0000	0.0000	0.0000	0.0000	0.0000	0.9888	0.0000	0.0000	0.0609	0.0000	0.0000	1.0168	0.0000	0.0000	0.0000	0.0000	0.0000	0.9655	0.0000	0.0000	0.0000
0.0000	0.0000	0.0000	1.0472	0.0485	0.0000	0.0000	0.0000	0.0000	0.9020	0.0000	0.0000	0.0000	0.0000	0.0333	1.0644	0.0000	0.0000	0.0000	0.0000	0.0000	1.0464	0.0000	0.0000	0.0000	0.0000	0.0000	0.8988	0.0000	0.0000
0.0000	0.0000	0.0000	0.0000	0.9947	0.0000	0.0000	0.1365	0.0000	0.0000	0.8300	0.0000	0.0000	0.0000	0.0000	0.0000	0.9263	0.0000	0.0000	0.0000	0.0000	0.0000	0.8882	0.0000	0.0000	0.0000	0.0000	0.0000	1.0700	0.0000
0.0000	0.0000	0.0000	0.0000	0.0000	1.1070	0.0000	0.0000	0.0000	0.0000	0.0000	0.8826	0.0000	0.0000	0.0000	0.0000	0.0000	0.9387	0.0000	0.0000	0.0000	0.0000	0.0000	1.0626	0.0000	0.0000	0.0000	0.0000	0.0000	1.0018
Approximated J(p)v:
(-0.93858427, 0.79708314, -1.7501321, -1.0950636)

Real delta(p,v):
(-1.4847729, 1.0076413, -2.2976687, -0.3580122)

The matrix J(p):
0.0000	0.0000	1.0221	0.0000	0.0000	0.0000	0.0000	0.0000	0.9700	0.0000	0.0000	0.0864	0.0000	0.0000	0.9580	0.0000	0.0000	0.0000	0.0000	0.0000	1.0256	0.0000	0.0000	0.0000	0.0000	0.0069	0.9884	0.0000	0.0000	0.0000
0.0000	0.0000	0.0000	1.0892	0.0373	0.0000	0.0000	0.0000	0.0462	0.9506	0.0000	0.0000	0.0000	0.0000	0.1167	1.0057	0.0000	0.0000	0.0000	0.0000	0.0000	1.0996	0.0806	0.0000	0.0000	0.0000	0.0000	0.9217	0.0000	0.0000
0.0000	0.0000	0.0000	0.0000	1.0848	0.0000	0.0000	0.0000	0.0000	0.0000	0.9329	0.0865	0.0000	0.0000	0.0000	0.0000	0.8988	0.0000	0.0000	0.0000	0.0000	0.0000	0.8680	0.0000	0.0000	0.0000	0.0000	0.0000	0.9756	0.0414
0.0000	0.0000	0.0000	0.0000	0.0000	1.1991	0.0000	0.0000	0.1314	0.0000	0.0000	0.8450	0.0000	0.0000	0.0000	0.0000	0.0000	0.8325	0.0000	0.0000	0.0000	0.0000	0.0000	1.0822	0.0000	0.0000	0.0000	0.0000	0.0000	1.0678
Approximated J(p)v:
(2.2729976, -2.4698956, -3.766483, 0.77966315)

Real delta(p,v):
(-0.96765757, -0.20481437, -7.820354, 2.5005586)

The matrix J(p):
0.0000	0.0000	0.9100	0.0000	0.0000	0.0000	0.0000	0.0818	1.1325	0.0000	0.0000	0.0000	0.0000	0.0820	0.9165	0.0000	0.0000	0.0000	0.0000	0.0000	1.0504	0.1123	0.0000	0.0000	0.0000	0.0000	0.9056	0.0000	0.0000	0.0000
0.0000	0.0000	0.0000	0.9232	0.0000	0.0000	0.0000	0.0000	0.0000	1.1616	0.0000	0.0000	0.0000	0.0000	0.0065	1.2756	0.0000	0.4331	0.0000	0.0000	0.0000	1.0691	0.0000	0.0000	0.0000	0.0000	0.0000	1.1411	0.0000	0.1056
0.0000	0.0000	0.0000	0.0000	1.0434	0.0000	0.0000	0.1739	0.2657	0.0000	1.0017	0.0000	0.0000	0.0000	0.0000	0.0000	0.8836	0.0000	0.0000	0.0000	0.0000	0.0000	1.0991	0.0000	0.0000	0.0000	0.0000	0.0000	0.9540	0.0000
0.0000	0.0000	0.0000	0.0000	0.0000	0.9368	0.0000	0.0000	0.0000	0.0828	0.0000	0.8023	0.0000	0.0000	0.0000	0.0000	0.0000	1.2415	0.0000	0.0000	0.0000	0.0000	0.1090	0.8948	0.0000	0.0000	0.0000	0.0000	0.0000	0.9735
Approximated J(p)v:
(-5.4467797, 1.7233403, -2.081355, -2.0696964)

Real delta(p,v):
(-8.942575, -2.5679133, -5.5997443, -6.3287277)

The matrix J(p):
0.0000	0.1560	0.9897	0.0000	0.0000	0.2233	0.0000	0.0000	0.9598	0.0000	0.0000	0.0000	0.0000	0.0000	1.1186	0.0000	0.0000	0.0000	0.0000	0.0000	0.9371	0.0000	0.0000	0.0000	0.0000	0.0000	1.0078	0.0000	0.1063	0.0000
0.0000	0.0000	0.0000	0.9686	0.0000	0.0000	0.0000	0.0000	0.0000	1.0809	0.0000	0.0000	0.0000	0.0000	0.0000	1.0477	0.0000	0.0000	0.0000	0.0000	0.0000	1.0393	0.0000	0.0000	0.0000	0.0000	0.0000	1.0398	0.0000	0.0000
0.0000	0.1710	0.0000	0.0000	0.9214	0.0000	0.0000	0.0000	0.0000	0.0000	0.9471	0.0000	0.0000	0.0000	0.0701	0.0000	0.9012	0.0000	0.0000	0.0000	0.0000	0.0000	1.0543	0.0000	0.0000	0.0000	0.0885	0.0000	1.0152	0.0000
0.0000	0.0000	0.0000	0.0000	0.0000	0.8390	0.0000	0.0000	0.0000	0.0000	0.0000	1.0030	0.0000	0.0000	0.0000	0.0000	0.0000	1.0399	0.0000	0.0000	0.0876	0.0000	0.0000	0.9380	0.0000	0.0000	0.0000	0.0000	0.0000	0.8831
Approximated J(p)v:
(-0.49808183, 2.1132607, 0.33058074, -0.9969205)

Real delta(p,v):
(0.6596855, 3.2758775, 1.5093195, 0.058614314)

The matrix J(p):
0.0000	0.0000	1.0268	0.0000	0.0000	0.0000	0.0000	0.0970	0.8898	0.0000	0.0000	0.1043	0.0000	0.0000	0.9864	0.0000	0.0000	0.1181	0.0000	0.0000	1.0190	0.0000	0.0000	0.0000	0.0000	0.0000	0.9832	0.0000	0.0000	0.0000
0.0000	0.0000	0.0000	1.0940	0.1940	0.0000	0.0000	0.0000	0.1812	0.8547	0.0000	0.0000	0.0000	0.0000	0.0969	0.9831	0.0000	0.0000	0.0000	0.0000	0.0000	1.0586	0.2694	0.0607	0.0000	0.0000	0.0000	0.8375	0.0000	0.0000
0.0000	0.0000	0.0000	0.0000	1.0343	0.0000	0.0000	0.0995	0.0000	0.0000	0.8271	0.1108	0.0000	0.0000	0.0000	0.0000	0.9267	0.0000	0.0000	0.0000	0.0000	0.0000	0.8144	0.0000	0.0000	0.0000	0.0000	0.0000	1.0722	0.0000
0.0000	0.0000	0.0000	0.0000	0.0000	1.1916	0.0000	0.0000	0.1337	0.0000	0.0000	0.8838	0.0000	0.0000	0.0000	0.0000	0.0000	0.8160	0.0000	0.0000	0.0000	0.0657	0.0000	1.1204	0.0000	0.0000	0.0000	0.0000	0.0000	1.0403
Approximated J(p)v:
(2.7069435, 1.0471702, 2.0209699, -1.8311646)

Real delta(p,v):
(1.0028195, 0.48973918, 0.3140543, -2.2850776)

The matrix J(p):
0.0000	0.0000	1.0461	0.0000	0.0000	0.0000	0.0000	0.0000	0.9413	0.0000	0.0000	0.0000	0.0000	0.0000	1.0194	0.0000	0.0000	0.0000	0.0000	0.0000	0.9852	0.0000	0.0000	0.0000	0.0000	0.0687	1.0022	0.0000	0.0000	0.0000
0.0000	0.0000	0.0000	1.0612	0.0000	0.0000	0.0000	0.0000	0.2128	0.9466	0.0000	0.0000	0.0000	0.0000	0.0639	0.9264	0.0000	0.0000	0.0000	0.0000	0.0000	1.1078	0.2552	0.0000	0.0000	0.0000	0.0000	0.8949	0.0000	0.0000
0.0000	0.0000	0.0000	0.0000	1.0215	0.0000	0.0000	0.0000	0.0000	0.0000	0.9324	0.0000	0.0000	0.0000	0.0000	0.0000	0.9606	0.0000	0.0000	0.0000	0.0000	0.0000	0.8697	0.0000	0.0000	0.0000	0.0000	0.0000	1.0022	0.0000
0.0000	0.0000	0.0000	0.0000	0.0000	1.1100	0.0000	0.0000	0.3357	0.0000	0.0000	0.9472	0.0000	0.0000	0.0000	0.0000	0.0000	0.8175	0.0000	0.0000	0.0000	0.0000	0.0000	1.0755	0.0000	0.0000	0.0000	0.0000	0.0000	0.9641
Approximated J(p)v:
(-2.256447, -0.01936531, 3.6232457, 1.9679224)

Real delta(p,v):
(2.32517, 0.46278602, 7.256869, 1.4609637)

The matrix J(p):
0.0000	0.3959	0.9560	0.0000	0.0000	0.0000	0.0000	0.1224	0.8338	0.0000	0.0000	0.0142	0.0000	0.1585	1.0917	0.0000	0.0000	0.1599	0.0000	0.0000	1.0224	0.0315	0.0000	0.0000	0.0000	0.0000	0.8584	0.0000	0.0000	0.0000
0.0000	0.0000	0.0000	0.8529	0.0000	0.0000	0.1904	0.0000	0.0000	1.0277	0.0000	0.0000	0.0000	0.0000	0.0000	1.2070	0.1055	0.2395	0.0000	0.0000	0.0000	0.8407	0.0000	0.0000	0.0000	0.0000	0.0000	0.9503	0.0000	0.0000
0.0000	0.4256	0.0000	0.0000	0.9232	0.0000	0.0000	0.1201	0.0000	0.0000	0.7234	0.0388	0.0000	0.0000	0.0000	0.0000	0.8724	0.0000	0.0000	0.0000	0.0000	0.0000	1.0269	0.0000	0.0000	0.0000	0.0000	0.0000	1.3427	0.0000
0.0000	0.0000	0.2898	0.0000	0.0000	0.6544	0.0000	0.0000	0.0000	0.0000	0.0211	0.9733	0.0000	0.0000	0.0000	0.0000	0.0000	1.3134	0.0000	0.0000	0.0000	0.0000	0.0000	0.9210	0.0000	0.0000	0.0000	0.3252	0.0000	0.8367
Approximated J(p)v:
(0.48138702, 0.47334936, -0.39803064, -1.4531938)

Real delta(p,v):
(0.035515845, -0.4525578, -1.2567592, -2.7613168)

The matrix J(p):
0.0000	0.0000	1.0027	0.0000	0.0000	0.0000	0.0000	0.0000	1.1249	0.0000	0.0000	0.0000	0.0000	0.0000	0.9844	0.0513	0.0000	0.0000	0.0000	0.0000	0.9190	0.0000	0.0000	0.0000	0.0000	0.0000	1.1006	0.0000	0.0000	0.0000
0.0000	0.0000	0.0000	0.9784	0.0000	0.0000	0.0000	0.0000	0.0000	1.0205	0.0000	0.0500	0.0000	0.0000	0.0000	1.1642	0.0000	0.0000	0.0000	0.0000	0.0000	1.0811	0.0000	0.0000	0.0000	0.0000	0.0000	1.0448	0.0000	0.0000
0.0000	0.0000	0.0000	0.0000	1.0933	0.0000	0.0000	0.0000	0.0000	0.0000	0.9677	0.0000	0.0000	0.0000	0.0000	0.0000	0.9899	0.0000	0.0000	0.0000	0.0000	0.0000	0.9291	0.0000	0.0000	0.0000	0.0000	0.0000	0.9548	0.0000
0.0000	0.0000	0.0000	0.0000	0.0000	0.9500	0.0000	0.0000	0.0000	0.0000	0.0000	0.9935	0.0000	0.0000	0.0000	0.0000	0.0000	1.0024	0.0000	0.0000	0.0000	0.0788	0.0000	1.1221	0.0000	0.0000	0.0000	0.0000	0.0000	1.0971
Approximated J(p)v:
(1.8846666, 0.79154724, 0.34890616, -2.0392365)

Real delta(p,v):
(0.05471933, 3.0953636, -1.4238005, 0.338165)

The matrix J(p):
0.0000	0.0000	1.0036	0.0000	0.0000	0.0000	0.0000	0.0002	1.0861	0.0000	0.0000	0.0000	0.0000	0.0000	0.9722	0.0000	0.0000	0.1031	0.0000	0.0000	0.9444	0.0000	0.0000	0.0000	0.0000	0.0000	1.0790	0.0000	0.0000	0.0000
0.0000	0.0000	0.0000	0.9909	0.0134	0.0000	0.0000	0.0000	0.0000	0.9956	0.0000	0.0000	0.0000	0.0000	0.0000	1.1776	0.0000	0.0000	0.0000	0.0000	0.0000	1.0467	0.0000	0.0000	0.0000	0.0000	0.0000	1.0160	0.0000	0.0000
0.0000	0.0000	0.0000	0.0000	1.1168	0.0000	0.0000	0.0240	0.0391	0.0000	0.9269	0.0000	0.0000	0.0000	0.0000	0.0000	0.9547	0.0000	0.0000	0.0000	0.0000	0.0000	0.9039	0.0000	0.0000	0.0000	0.0000	0.0000	1.0012	0.0000
0.0000	0.0000	0.0000	0.0000	0.0000	0.9773	0.0000	0.0000	0.0000	0.0000	0.0000	0.9570	0.0000	0.0000	0.0000	0.0000	0.0000	1.0006	0.0000	0.0000	0.0000	0.1242	0.0000	1.1344	0.0000	0.0000	0.0000	0.0000	0.0000	1.1317
Approximated J(p)v:
(3.902325, -2.8611903, -2.9570599, 0.78933275)

Real delta(p,v):
(4.611676, -4.8931513, -2.4884663, -1.1624038)

The matrix J(p):
0.0000	0.0000	0.9665	0.0000	0.0000	0.1069	0.0000	0.0000	0.9132	0.0000	0.0000	0.0000	0.0000	0.0000	1.0889	0.0000	0.0000	0.0626	0.0000	0.0000	0.9616	0.0000	0.0000	0.0000	0.0000	0.0000	0.9916	0.0000	0.0165	0.0000
0.0000	0.0000	0.0000	1.0025	0.0000	0.0000	0.0000	0.0000	0.0000	0.9671	0.0000	0.0000	0.0000	0.0000	0.0000	1.0832	0.0000	0.0000	0.0000	0.0000	0.0000	1.0148	0.0000	0.0000	0.0000	0.0000	0.0000	0.9693	0.0000	0.0000
0.0000	0.0000	0.0000	0.0000	0.8979	0.0000	0.0000	0.0000	0.0000	0.0000	0.8376	0.0000	0.0000	0.0000	0.0000	0.0000	0.9061	0.0000	0.0000	0.0000	0.0000	0.0000	0.9955	0.0000	0.0000	0.0000	0.1171	0.0000	1.0725	0.0000
0.0000	0.0000	0.0000	0.0000	0.0000	0.9325	0.0000	0.0000	0.0000	0.0000	0.0000	0.9603	0.0000	0.0000	0.0000	0.0000	0.0000	1.0259	0.0000	0.0000	0.0100	0.0000	0.0324	0.9835	0.0000	0.0000	0.0000	0.0000	0.0000	0.9214
Approximated J(p)v:
(1.1269653, -1.6242186, 1.1138655, 0.8561576)

Real delta(p,v):
(1.3139095, -5.206253, 1.6195097, -2.5681634)

The matrix J(p):
0.0000	0.0000	0.9889	0.0000	0.0000	0.0000	0.0000	0.1630	0.9429	0.0000	0.0000	0.0000	0.0000	0.0000	1.0000	0.0992	0.0000	0.1410	0.0000	0.0000	0.9831	0.0000	0.0000	0.0000	0.0000	0.0000	1.0138	0.0000	0.0000	0.0000
0.0000	0.0000	0.0000	1.0547	0.1393	0.0000	0.0000	0.0000	0.0000	0.8670	0.0000	0.0000	0.0579	0.0000	0.0000	1.0759	0.0000	0.0000	0.0000	0.0000	0.0000	1.0494	0.0000	0.0000	0.0000	0.0000	0.0933	0.8945	0.0000	0.0000
0.0000	0.0000	0.0000	0.0000	0.9889	0.0000	0.0000	0.1231	0.0000	0.0000	0.8129	0.0000	0.0000	0.0000	0.0000	0.0000	0.9535	0.0000	0.0000	0.0000	0.0000	0.0000	0.8669	0.0000	0.0000	0.0000	0.0000	0.0000	1.0609	0.0000
0.0000	0.0000	0.0000	0.0000	0.0000	1.1048	0.0000	0.0000	0.0000	0.0000	0.0000	0.9203	0.0699	0.0000	0.0000	0.0000	0.0000	0.9153	0.0000	0.0000	0.0000	0.0776	0.0000	1.1070	0.0000	0.0000	0.0000	0.0000	0.0000	1.0336
Approximated J(p)v:
(1.9809855, 1.435973, -0.8149545, -0.43569583)

Real delta(p,v):
(-0.4537921, 2.7335598, -3.3651013, 0.76355696)

The matrix J(p):
0.0000	0.0000	1.0227	0.0000	0.0000	0.0000	0.0000	0.0000	0.9950	0.0000	0.0000	0.0000	0.0000	0.0000	1.0259	0.0000	0.0000	0.0000	0.0000	0.0000	0.9555	0.0000	0.0000	0.0000	0.0000	0.0000	1.0281	0.0000	0.0000	0.0000
0.0000	0.0000	0.0000	1.0211	0.0000	0.0000	0.0000	0.0000	0.0521	0.9707	0.0000	0.0000	0.0000	0.0000	0.0000	0.9993	0.0000	0.0000	0.0000	0.0000	0.0000	1.1019	0.0120	0.0000	0.0000	0.0000	0.0000	0.9460	0.0000	0.0000
0.0000	0.0000	0.0000	0.0000	1.0020	0.0000	0.0000	0.0000	0.0000	0.0000	0.9356	0.0000	0.0000	0.0000	0.0000	0.0000	0.9871	0.0000	0.0000	0.0000	0.0000	0.0000	0.9098	0.0000	0.0000	0.0000	0.0000	0.0000	0.9922	0.0000
0.0000	0.0000	0.0000	0.0000	0.0000	1.0271	0.0000	0.0000	0.0000	0.0000	0.0000	0.9831	0.0000	0.0000	0.0000	0.0000	0.0000	0.9009	0.0000	0.0000	0.0000	0.0000	0.0000	1.0684	0.0000	0.0000	0.0000	0.0000	0.0000	0.9605
Approximated J(p)v:
(1.4080557, 0.3437686, 0.7473415, 0.59772766)

Real delta(p,v):
(0.40575647, 2.1940436, -0.023485303, 2.0118504)

The matrix J(p):
0.0000	0.0000	0.9909	0.0000	0.0000	0.0409	0.0000	0.0000	0.9452	0.0000	0.0000	0.0000	0.0000	0.0000	1.0334	0.1518	0.0000	0.0000	0.0000	0.0000	0.9826	0.0000	0.0000	0.0000	0.0000	0.1518	0.9847	0.0000	0.0000	0.0000
0.0000	0.0000	0.0000	1.0535	0.0000	0.0000	0.0000	0.0000	0.0000	0.9325	0.0000	0.0000	0.0000	0.0000	0.0122	0.9761	0.0000	0.0000	0.1133	0.0000	0.0000	1.1178	0.0000	0.0000	0.0000	0.0000	0.0782	0.9226	0.0000	0.0000
0.0000	0.0000	0.0000	0.0000	0.9167	0.0000	0.0000	0.0000	0.0000	0.0000	0.8981	0.0000	0.0000	0.0000	0.0000	0.0000	0.9697	0.0000	0.0000	0.0000	0.0000	0.0000	0.9348	0.0000	0.0000	0.0000	0.0000	0.0000	0.9842	0.0000
0.0000	0.0000	0.0000	0.0000	0.0000	1.1001	0.0000	0.0000	0.0000	0.0000	0.0000	0.9346	0.0000	0.0000	0.0000	0.0000	0.0000	0.8894	0.0000	0.0000	0.0000	0.0000	0.0000	1.0147	0.0000	0.0000	0.0000	0.0000	0.0000	0.9015
Approximated J(p)v:
(0.41943896, -3.5481052, 0.80912393, -2.1862826)

Real delta(p,v):
(-2.1343837, -7.2551937, -1.7134835, -6.011614)

The matrix J(p):
0.0000	0.0000	1.0330	0.0000	0.0000	0.0000	0.0000	0.0000	1.0368	0.0000	0.0000	0.0000	0.0000	0.0000	0.9483	0.0000	0.0000	0.0000	0.0000	0.0000	1.0045	0.0000	0.0000	0.0000	0.0000	0.0000	0.9831	0.0000	0.0000	0.0000
0.0000	0.0000	0.0000	1.0047	0.0000	0.0000	0.0000	0.0000	0.0423	0.9997	0.0000	0.0000	0.0000	0.0000	0.1102	1.0194	0.0000	0.0000	0.0000	0.0000	0.0000	1.1127	0.0000	0.0358	0.0000	0.0000	0.0000	0.9427	0.0000	0.0331
0.0000	0.0000	0.0000	0.0000	1.0911	0.0000	0.0000	0.0000	0.0000	0.0000	0.9699	0.0000	0.0000	0.0000	0.0000	0.0000	0.9938	0.0000	0.0000	0.0000	0.0000	0.0000	0.8792	0.0000	0.0000	0.0000	0.0000	0.0000	0.9972	0.0000
0.0000	0.0000	0.0000	0.0000	0.0000	1.0674	0.0000	0.0000	0.0000	0.0000	0.0000	0.9287	0.0000	0.0000	0.0000	0.0000	0.0000	0.9235	0.0000	0.0000	0.0000	0.0000	0.0000	1.0815	0.0000	0.0000	0.0000	0.0000	0.0000	0.9886
Approximated J(p)v:
(-0.47421432, 4.424036, -1.7441627, 3.254664)

Real delta(p,v):
(-1.2629495, 6.3825517, -2.9314122, 5.2731447)

The matrix J(p):
0.0000	0.0000	1.0385	0.0000	0.0000	0.0000	0.0000	0.0000	1.0064	0.0000	0.0000	0.0757	0.0000	0.0170	0.9856	0.0000	0.0000	0.0906	0.0000	0.0000	0.9898	0.0000	0.0000	0.0000	0.0000	0.0000	1.0059	0.0000	0.0000	0.0000
0.0000	0.0000	0.0000	0.9633	0.0000	0.0000	0.0000	0.0000	0.0000	1.0439	0.0000	0.0000	0.0000	0.0000	0.0000	1.1266	0.0000	0.0000	0.0000	0.0000	0.0000	0.9880	0.0000	0.0000	0.0000	0.0000	0.0000	0.9813	0.0000	0.0000
0.0000	0.0000	0.0000	0.0000	1.1608	0.0000	0.0000	0.0000	0.0000	0.0000	0.9235	0.0742	0.0000	0.0000	0.0000	0.0000	0.9009	0.0000	0.0000	0.0000	0.0000	0.0000	0.8973	0.0542	0.0000	0.0000	0.0000	0.0000	1.1002	0.0000
0.0000	0.0000	0.0118	0.0000	0.0000	0.9134	0.0000	0.0000	0.0000	0.0000	0.0000	0.9420	0.0000	0.0000	0.0000	0.0000	0.0000	1.0242	0.0000	0.0000	0.0000	0.0741	0.0000	1.0975	0.0000	0.0000	0.0000	0.0000	0.0000	1.0893
Approximated J(p)v:
(-2.7817328, 5.025914, -1.2803055, -2.2261326)

Real delta(p,v):
(-4.183492, 2.086473, -2.9078841, -5.1689744)

The matrix J(p):
0.0000	0.0000	0.9968	0.0000	0.0000	0.2348	0.0000	0.0000	1.0719	0.0000	0.0000	0.0000	0.0000	0.0000	1.0798	0.0000	0.0000	0.0000	0.0000	0.0000	0.8976	0.0744	0.0000	0.0000	0.0000	0.0000	1.0557	0.0000	0.0216	0.0000
0.0000	0.0000	0.0000	0.9328	0.0000	0.0000	0.0000	0.0000	0.0000	1.0779	0.0000	0.1348	0.0000	0.0000	0.0000	1.0628	0.0000	0.0000	0.0000	0.0000	0.0000	1.1030	0.0000	0.0000	0.0000	0.0000	0.0000	1.0568	0.0000	0.0000
0.0000	0.0000	0.0000	0.0000	0.9400	0.0000	0.0000	0.0000	0.0000	0.0000	0.9943	0.0000	0.0000	0.0000	0.0000	0.0000	1.0241	0.0000	0.0000	0.0000	0.0000	0.0000	1.0273	0.0000	0.0000	0.0000	0.0296	0.0000	0.9606	0.0000
0.0000	0.0000	0.0000	0.0000	0.0000	0.8193	0.0000	0.0000	0.0000	0.0000	0.0000	1.0747	0.0000	0.0000	0.0000	0.0000	0.0000	1.0483	0.0000	0.0000	0.0000	0.0000	0.0000	0.9953	0.0000	0.0000	0.0000	0.0000	0.0000	0.8730
Approximated J(p)v:
(-0.87901986, 0.52461666, -1.9162843, 1.1641517)

Real delta(p,v):
(-4.66096, 2.4564316, -5.4863214, 3.6021702)

The matrix J(p):
0.0000	0.0000	1.0514	0.0000	0.0000	0.0000	0.0000	0.0000	1.0049	0.0000	0.0000	0.0000	0.0000	0.0000	0.9674	0.0000	0.0000	0.0000	0.0000	0.0000	0.9767	0.0000	0.0000	0.0000	0.0000	0.0000	0.9770	0.0000	0.0000	0.0000
0.0000	0.0000	0.0000	0.9484	0.0000	0.0000	0.0000	0.0000	0.2461	0.9144	0.0000	0.0518	0.0000	0.0000	0.1049	0.9835	0.1862	0.0000	0.0000	0.0000	0.0000	1.0962	0.0974	0.6737	0.0000	0.0000	0.0000	0.8500	0.0000	0.0463
0.0000	0.0000	0.0000	0.0000	1.0319	0.3636	0.0000	0.0000	0.0000	0.0000	0.8828	0.0000	0.0000	0.0000	0.0000	0.0000	1.1267	0.0000	0.0000	0.0000	0.0000	0.0000	0.8129	0.0000	0.0000	0.0000	0.0000	0.0000	1.1128	0.0000
0.0000	0.0000	0.0000	0.0000	0.0000	0.9756	0.0000	0.0000	0.0000	0.0000	0.0000	1.0494	0.0000	0.0000	0.3667	0.0000	0.3886	0.9537	0.0000	0.0000	0.0000	0.0000	0.0000	1.1356	0.0000	0.0000	0.0000	0.0000	0.0000	0.8820
Approximated J(p)v:
(-1.8529181, -1.1708024, 1.5660936, -0.32766497)

Real delta(p,v):
(-2.0153465, -3.8273823, 1.380266, -3.0655036)

The matrix J(p):
0.0000	0.0000	0.9909	0.0000	0.0000	0.0000	0.0000	0.0636	0.9763	0.0000	0.0000	0.0000	0.0000	0.0000	0.9986	0.0000	0.0000	0.0593	0.0000	0.0000	0.9803	0.0000	0.0000	0.0000	0.0000	0.0000	1.0046	0.0000	0.0000	0.0000
0.0000	0.0000	0.0000	1.0020	0.0000	0.0000	0.0000	0.0000	0.0000	0.9322	0.0000	0.0000	0.0000	0.0000	0.0000	1.1168	0.0000	0.0000	0.0000	0.0000	0.0000	1.0274	0.0000	0.0000	0.0000	0.0000	0.0000	0.9363	0.0000	0.0000
0.0000	0.0000	0.0000	0.0000	1.0187	0.0000	0.0000	0.0686	0.0000	0.0000	0.8422	0.0000	0.0000	0.0000	0.0000	0.0000	0.9543	0.0000	0.0000	0.0000	0.0000	0.0000	0.8989	0.0000	0.0000	0.0000	0.0000	0.0000	1.0808	0.0000
0.0000	0.0000	0.0000	0.0000	0.0000	1.0033	0.0000	0.0000	0.0000	0.0000	0.0000	0.9412	0.0000	0.0000	0.0000	0.0000	0.0000	0.9985	0.0000	0.0000	0.0000	0.0371	0.0000	1.0865	0.0000	0.0000	0.0000	0.0000	0.0000	1.0212
Approximated J(p)v:
(-0.25130063, -1.4417169, -1.9811203, 2.698871)

Real delta(p,v):
(-2.4881215, -4.517123, -4.6290464, -0.1455251)

The matrix J(p):
0.0000	0.0000	1.0200	0.0000	0.0000	0.0816	0.0000	0.0000	0.8956	0.0000	0.1150	0.6041	0.0000	0.0000	1.0867	0.0000	0.0000	0.0000	0.0000	0.0000	1.0094	0.0000	0.0000	0.0000	0.0000	0.0000	0.9694	0.0000	0.0289	0.0000
0.0000	0.0000	0.0000	1.0863	0.0000	0.0000	0.0000	0.0000	0.0000	1.0947	0.0000	0.0000	0.0000	0.0000	0.0000	0.9337	0.0000	0.0000	0.0000	0.0000	0.0000	1.0762	0.0261	0.0000	0.0000	0.0000	0.0000	1.0128	0.0000	0.0000
0.0000	0.0000	0.0000	0.0000	0.9997	0.0000	0.0000	0.0000	0.0000	0.0000	1.0125	0.5972	0.0000	0.0000	0.2100	0.0000	0.7693	0.0000	0.0000	0.1405	0.0000	0.0000	1.0243	0.0000	0.0000	0.0000	0.0000	0.0000	0.9352	0.2398
0.0000	0.0000	0.0000	0.0000	0.0000	1.0718	0.0000	0.0000	0.0674	0.0000	0.0000	0.8521	0.0000	0.0000	0.0000	0.0000	0.0000	0.8539	0.0000	0.0000	0.1948	0.0000	0.0000	0.9172	0.0000	0.0000	0.0000	0.0000	0.1801	0.9653
Approximated J(p)v:
(-2.067856, -2.8398583, -0.36301064, -2.563734)

Real delta(p,v):
(-0.44707537, -3.070146, 1.2114929, -2.7751846)

The matrix J(p):
0.0000	0.0000	0.9892	0.0000	0.0000	0.0000	0.0000	0.0000	1.1056	0.0000	0.0000	0.0000	0.0000	0.1077	0.8973	0.0000	0.0000	0.0000	0.0000	0.0000	1.0562	0.0000	0.0000	0.0000	0.0000	0.0000	0.9392	0.0000	0.0000	0.0000
0.0000	0.0000	0.0000	0.9835	0.0000	0.0000	0.0000	0.0000	0.0000	1.1361	0.0000	0.0000	0.0000	0.0000	0.1187	1.1551	0.0000	0.0000	0.0000	0.0000	0.0000	1.0885	0.0000	0.0000	0.0000	0.0000	0.0000	1.0720	0.0000	0.1367
0.0000	0.0000	0.0000	0.0000	1.1662	0.0000	0.0000	0.0748	0.1259	0.0000	1.0447	0.0000	0.0000	0.0000	0.0000	0.0000	0.8718	0.0000	0.0000	0.0000	0.0000	0.0000	0.9845	0.0000	0.0000	0.0000	0.0000	0.0000	0.9424	0.0000
0.0000	0.0000	0.0000	0.0000	0.0000	1.0480	0.0000	0.0000	0.0000	0.2591	0.0000	0.8009	0.0000	0.0000	0.0000	0.0000	0.0000	1.0549	0.0000	0.0000	0.0000	0.0000	0.0000	0.9918	0.0000	0.0000	0.0000	0.0000	0.0000	1.0654
Approximated J(p)v:
(-2.1697588, 0.11974242, -0.39221832, 1.38062)

Real delta(p,v):
(-1.3081577, -3.0035892, 0.3332258, -1.8904691)

The matrix J(p):
0.0000	0.0000	0.9516	0.0000	0.0000	0.0186	0.0000	0.1244	1.0362	0.0000	0.0000	0.0000	0.0000	0.0000	0.9911	0.2558	0.0402	0.0561	0.0000	0.0000	0.9627	0.0000	0.0000	0.0000	0.0000	0.0000	1.0365	0.0000	0.0000	0.0000
0.0000	0.0000	0.0000	1.0243	0.0000	0.0000	0.0000	0.0000	0.0000	0.9395	0.0000	0.0000	0.0402	0.0000	0.0000	1.1618	0.0000	0.0000	0.0000	0.0000	0.0000	1.0744	0.0000	0.0000	0.0000	0.0000	0.0692	0.9962	0.0000	0.0000
0.0000	0.0000	0.0000	0.0000	0.9774	0.0000	0.0000	0.0244	0.0601	0.0000	0.8725	0.0000	0.0000	0.0000	0.0000	0.0000	0.9542	0.0000	0.0000	0.0000	0.0000	0.0000	0.9492	0.0000	0.0000	0.0000	0.0257	0.0000	0.9816	0.0000
0.0000	0.0000	0.0000	0.0000	0.0000	1.0516	0.0000	0.0000	0.0000	0.0000	0.0000	0.9160	0.0382	0.0000	0.0000	0.0000	0.0000	1.0035	0.0000	0.0000	0.0000	0.0000	0.1023	1.0628	0.0000	0.0000	0.0000	0.0000	0.0000	1.0395
Approximated J(p)v:
(1.1895854, 3.121317, 2.3956149, 1.6380153)

Real delta(p,v):
(-1.186662, 3.060864, -0.03996247, 1.4964023)

The matrix J(p):
0.0000	0.0000	0.9781	0.0000	0.0000	0.0000	0.0000	0.0307	1.0650	0.0000	0.0000	0.0000	0.0000	0.0000	1.0082	0.0000	0.0000	0.1312	0.0000	0.0000	0.9407	0.0000	0.0000	0.0000	0.0000	0.0000	1.0464	0.0000	0.0000	0.0000
0.0000	0.0000	0.0000	0.9228	0.0000	0.0000	0.0000	0.0000	0.0000	1.0320	0.0000	0.0044	0.0016	0.0000	0.0000	1.2453	0.0560	0.0000	0.0000	0.0000	0.0000	0.9827	0.0000	0.0000	0.0000	0.0000	0.0000	1.0439	0.0000	0.0000
0.0000	0.0000	0.0000	0.0000	1.0681	0.0000	0.0000	0.0391	0.0473	0.0000	0.8833	0.0000	0.0000	0.0000	0.0000	0.0000	0.9450	0.0000	0.0000	0.0000	0.0000	0.0000	0.9654	0.0000	0.0000	0.0000	0.0000	0.0000	1.0830	0.0000
0.0000	0.0000	0.0556	0.0000	0.0000	0.8219	0.0000	0.0000	0.0000	0.0000	0.0000	0.9886	0.0425	0.0000	0.0000	0.0000	0.0000	1.1458	0.0000	0.0000	0.0000	0.0886	0.0000	1.0782	0.0000	0.0000	0.0000	0.0090	0.0000	1.0673
Approximated J(p)v:
(3.6236434, 0.63580537, -0.8889002, -0.7025231)

Real delta(p,v):
(3.686934, 2.2650113, -1.4826558, 2.3183124)

The matrix J(p):
0.0000	0.0000	1.0777	0.0000	0.0000	0.0000	0.0000	0.0000	0.9109	0.0000	0.0000	0.0000	0.0000	0.1560	1.0074	0.0000	0.0000	0.0000	0.0000	0.0000	1.0583	0.0000	0.0000	0.0000	0.0000	0.0000	0.8464	0.0000	0.0000	0.0000
0.0000	0.0000	0.0000	0.8321	0.0000	0.0000	0.3331	0.0000	0.0000	1.1525	0.0000	0.0000	0.0000	0.0000	0.0802	1.0699	0.0690	0.0000	0.0000	0.0000	0.1654	0.8964	0.0000	0.4671	0.0000	0.0000	0.0000	0.9370	0.0000	0.2003
0.0000	0.0000	0.0000	0.0000	1.1739	0.0000	0.0000	0.0000	0.0000	0.0000	0.9140	0.0000	0.0000	0.3282	0.0000	0.0000	0.9011	0.0000	0.0000	0.0000	0.0000	0.0000	0.9262	0.6616	0.0000	0.0000	0.0000	0.0000	1.3050	0.0000
0.0000	0.0000	0.1946	0.0000	0.0000	0.6790	0.0000	0.0000	0.0000	0.2503	0.3358	0.9812	0.0000	0.0000	0.3905	0.0000	0.3948	1.1929	0.0000	0.0000	0.0000	0.0000	0.0000	0.9936	0.0000	0.0000	0.0000	0.0000	0.0000	0.8896
Approximated J(p)v:
(-0.11237705, 2.4434571, 2.8457222, -0.57810074)

Real delta(p,v):
(2.7242563, -1.5440845, 5.629268, -4.1134353)

The matrix J(p):
0.0000	0.0000	1.0272	0.0000	0.0000	0.0000	0.0000	0.0382	0.9738	0.0000	0.0000	0.0331	0.0000	0.0000	0.9708	0.0000	0.0000	0.1023	0.0000	0.0000	0.9918	0.0000	0.0000	0.0000	0.0000	0.0000	1.0280	0.0000	0.0000	0.0000
0.0000	0.0000	0.0000	1.0678	0.1733	0.0000	0.0000	0.0000	0.0842	0.9081	0.0000	0.0000	0.0000	0.0000	0.0281	1.0423	0.0000	0.0000	0.0000	0.0000	0.0000	1.0678	0.1230	0.0000	0.0000	0.0000	0.0000	0.9029	0.0000	0.0000
0.0000	0.0000	0.0000	0.0000	1.0875	0.0000	0.0000	0.0595	0.0000	0.0000	0.8825	0.0352	0.0000	0.0000	0.0000	0.0000	0.9373	0.0000	0.0000	0.0000	0.0000	0.0000	0.8340	0.0000	0.0000	0.0000	0.0000	0.0000	1.0254	0.0000
0.0000	0.0000	0.0000	0.0000	0.0000	1.1407	0.0000	0.0000	0.0000	0.0000	0.0000	0.9046	0.0000	0.0000	0.0000	0.0000	0.0000	0.8540	0.0000	0.0000	0.0000	0.0973	0.0000	1.1401	0.0000	0.0000	0.0000	0.0000	0.0000	1.0951
Approximated J(p)v:
(4.870072, 2.594533, 1.3407128, -2.0772457)

Real delta(p,v):
(4.969826, 2.074337, 1.3203598, -1.7784588)

The matrix J(p):
0.0000	0.0000	0.9666	0.0000	0.0000	0.0000	0.0000	0.0000	1.2644	0.0000	0.0000	0.0000	0.0000	0.0494	0.8628	0.0000	0.0000	0.0000	0.0000	0.0000	1.0109	0.0000	0.0000	0.0000	0.0000	0.0000	1.0137	0.0000	0.0000	0.0000
0.0000	0.0000	0.0000	0.9484	0.0000	0.0000	0.0000	0.0000	0.0000	1.2146	0.0000	0.0000	0.0000	0.0000	0.0027	1.2716	0.0000	0.1055	0.0000	0.0000	0.0000	1.1271	0.0000	0.0000	0.0000	0.0000	0.0000	1.1949	0.0000	0.0464
0.0000	0.0000	0.0000	0.0000	1.2203	0.0000	0.0000	0.0478	0.2840	0.0000	1.1361	0.0000	0.0000	0.0000	0.0000	0.0000	0.8998	0.0000	0.0000	0.0000	0.0000	0.0000	1.0369	0.0000	0.0000	0.0000	0.0000	0.0000	0.8306	0.0000
0.0000	0.0000	0.0000	0.0000	0.0000	0.9940	0.0000	0.0000	0.0000	0.1093	0.0000	0.8197	0.0000	0.0000	0.0000	0.0000	0.0000	1.1273	0.0000	0.0000	0.0000	0.0000	0.0000	1.0085	0.0000	0.0000	0.0000	0.0000	0.0000	1.1450
Approximated J(p)v:
(1.8144906, 5.148912, -0.69212794, -0.9131384)

Real delta(p,v):
(-0.8534409, 5.9894137, -3.0051513, -0.054265976)

The matrix J(p):
0.0000	0.0000	1.0438	0.0000	0.0000	0.0000	0.0000	0.0000	1.0343	0.0000	0.0000	0.3266	0.0000	0.0000	1.0128	0.0629	0.0000	0.0524	0.0000	0.0000	0.9568	0.0000	0.0000	0.0000	0.0000	0.0000	1.0820	0.0000	0.0000	0.0000
0.0000	0.0000	0.0000	1.0781	0.0000	0.0000	0.0000	0.0000	0.0119	1.0500	0.0000	0.0000	0.0000	0.0000	0.0000	1.0170	0.0000	0.0000	0.0000	0.0000	0.0000	1.1039	0.0863	0.0000	0.0000	0.0000	0.1810	1.0231	0.0000	0.0000
0.0000	0.0000	0.0000	0.0000	1.1284	0.0000	0.0000	0.0000	0.0000	0.0000	1.0330	0.3142	0.0000	0.0000	0.0000	0.0000	0.8648	0.0000	0.0000	0.0644	0.0000	0.0000	0.9237	0.0000	0.0000	0.0000	0.0078	0.0000	0.8921	0.0000
0.0000	0.0000	0.0000	0.0000	0.0000	1.0969	0.0000	0.0000	0.0385	0.0000	0.0000	0.9074	0.0000	0.0000	0.0000	0.0000	0.0000	0.8210	0.0000	0.0000	0.0000	0.0201	0.0000	1.0836	0.0000	0.0000	0.0000	0.0000	0.0000	1.1293
Approximated J(p)v:
(0.78066856, 2.144826, -0.04651381, -0.5697316)

Real delta(p,v):
(1.2178445, 1.3512387, 0.30544585, -1.2375085)

The matrix J(p):
0.0000	0.0000	0.9914	0.0000	0.0000	0.0000	0.0000	0.0000	0.8873	0.0000	0.0000	0.1655	0.0000	0.0000	1.0467	0.0778	0.0000	0.1357	0.0000	0.0000	0.9898	0.0000	0.0000	0.0000	0.0000	0.0000	0.9926	0.0000	0.0000	0.0000
0.0000	0.0000	0.0000	1.0743	0.0000	0.0000	0.0000	0.0000	0.0000	0.8967	0.0000	0.0000	0.0000	0.0000	0.0000	1.0159	0.0000	0.0000	0.0000	0.0000	0.0000	1.0483	0.0318	0.0000	0.0000	0.0000	0.1846	0.9002	0.0000	0.0000
0.0000	0.0000	0.0000	0.0000	0.9451	0.0000	0.0000	0.0000	0.0000	0.0000	0.8303	0.1750	0.0000	0.0000	0.0000	0.0000	0.9016	0.0000	0.0000	0.0947	0.0000	0.0000	0.9095	0.0000	0.0000	0.0000	0.0729	0.0000	1.0493	0.0000
0.0000	0.0000	0.0000	0.0000	0.0000	1.1029	0.0000	0.0000	0.0000	0.0000	0.0000	0.9073	0.0000	0.0000	0.0000	0.0000	0.0000	0.8870	0.0000	0.0000	0.0000	0.0000	0.0000	1.0446	0.0000	0.0000	0.0000	0.0000	0.0000	0.9837
Approximated J(p)v:
(0.34535754, -1.7588558, -0.98698676, 0.3366591)

Real delta(p,v):
(-1.0433154, -5.2554903, -2.5033348, -3.2537167)

The matrix J(p):
0.0000	0.0000	1.0233	0.0000	0.0000	0.0000	0.0000	0.0344	0.8715	0.0000	0.0000	0.1432	0.0000	0.0000	1.0180	0.0000	0.0000	0.1282	0.0000	0.0000	1.0262	0.0000	0.0000	0.0000	0.0000	0.0000	0.9371	0.0000	0.0000	0.0000
0.0000	0.0000	0.0000	1.0030	0.0000	0.0000	0.0000	0.0000	0.0187	0.9432	0.0000	0.0000	0.0000	0.0000	0.0228	1.0478	0.0000	0.0000	0.0000	0.0000	0.0000	0.9730	0.0214	0.0000	0.0000	0.0000	0.0000	0.8785	0.0000	0.0000
0.0000	0.0000	0.0000	0.0000	1.0433	0.0000	0.0000	0.0687	0.0000	0.0000	0.8154	0.1518	0.0000	0.0000	0.0000	0.0000	0.8936	0.0000	0.0000	0.0000	0.0000	0.0000	0.8770	0.1020	0.0000	0.0000	0.0000	0.0000	1.1762	0.0000
0.0000	0.0000	0.0055	0.0000	0.0000	0.9881	0.0000	0.0000	0.0000	0.0000	0.0000	0.9153	0.0000	0.0000	0.0000	0.0000	0.0000	0.9809	0.0000	0.0000	0.0000	0.0225	0.0000	1.0596	0.0000	0.0000	0.0000	0.0000	0.0000	0.9879
Approximated J(p)v:
(-1.1344526, 0.056656748, 3.7683525, -2.7262604)

Real delta(p,v):
(-2.4781485, -0.030356646, 2.49511, -2.977072)

The matrix J(p):
0.0000	0.0000	1.0371	0.0000	0.0000	0.0000	0.0000	0.0000	0.9697	0.0000	0.0000	0.0816	0.0000	0.0000	0.9691	0.0000	0.0000	0.0936	0.0000	0.0000	0.9969	0.0000	0.0000	0.0000	0.0000	0.0000	1.0254	0.0000	0.0000	0.0000
0.0000	0.0000	0.0000	1.0736	0.1475	0.0000	0.0000	0.0000	0.1216	0.9180	0.0000	0.0000	0.0000	0.0000	0.0489	1.0247	0.0000	0.0000	0.0000	0.0000	0.0000	1.0703	0.1786	0.0000	0.0000	0.0000	0.0000	0.9007	0.0000	0.0000
0.0000	0.0000	0.0000	0.0000	1.1046	0.0000	0.0000	0.0139	0.0000	0.0000	0.8968	0.0815	0.0000	0.0000	0.0000	0.0000	0.9274	0.0000	0.0000	0.0000	0.0000	0.0000	0.8286	0.0000	0.0000	0.0000	0.0000	0.0000	1.0209	0.0000
0.0000	0.0000	0.0000	0.0000	0.0000	1.1507	0.0000	0.0000	0.0157	0.0000	0.0000	0.8983	0.0000	0.0000	0.0000	0.0000	0.0000	0.8354	0.0000	0.0000	0.0000	0.0921	0.0000	1.1406	0.0000	0.0000	0.0000	0.0000	0.0000	1.1011
Approximated J(p)v:
(-1.8158112, -0.5471907, -0.5869233, -0.7254667)

Real delta(p,v):
(1.3275588, -1.0639217, 2.959379, -1.0420778)

The matrix J(p):
0.0000	0.1438	0.9564	0.0000	0.0000	0.0000	0.0000	0.1308	0.9465	0.0000	0.0000	0.0000	0.0000	0.0000	1.0556	0.0000	0.0000	0.1734	0.0000	0.0000	0.9701	0.0000	0.0000	0.0000	0.0000	0.0000	0.9672	0.0000	0.0000	0.0000
0.0000	0.0000	0.0000	0.9025	0.0000	0.0000	0.0000	0.0000	0.0000	0.9929	0.0000	0.0000	0.0141	0.0000	0.0000	1.2269	0.0908	0.1367	0.0000	0.0000	0.0000	0.9226	0.0000	0.0000	0.0000	0.0000	0.0000	0.9858	0.0000	0.0000
0.0000	0.1576	0.0000	0.0000	0.9623	0.0000	0.0000	0.1019	0.0000	0.0000	0.7802	0.0000	0.0000	0.0000	0.0000	0.0000	0.9258	0.0000	0.0000	0.0000	0.0000	0.0000	0.9899	0.0000	0.0000	0.0000	0.0000	0.0000	1.2025	0.0000
0.0000	0.0000	0.1523	0.0000	0.0000	0.7646	0.0000	0.0000	0.0000	0.0000	0.0000	0.9883	0.0964	0.0000	0.0000	0.0000	0.0000	1.2125	0.0000	0.0000	0.0000	0.0227	0.0000	1.0106	0.0000	0.0000	0.0000	0.1846	0.0000	0.9498
Approximated J(p)v:
(1.7156637, -0.46394134, -2.7392924, 0.33976924)

Real delta(p,v):
(4.3043294, -2.240837, -0.21545744, -0.9466195)

The matrix J(p):
0.0000	0.0000	1.0215	0.0000	0.0000	0.0000	0.0000	0.0000	0.9800	0.0000	0.0000	0.0000	0.0000	0.0000	1.0044	0.0000	0.0000	0.0000	0.0000	0.0000	0.9965	0.0000	0.0000	0.0000	0.0000	0.1608	0.9672	0.0000	0.0000	0.0000
0.0000	0.0000	0.0000	1.0240	0.0000	0.0000	0.0000	0.0000	0.0706	0.9875	0.0000	0.0000	0.0000	0.0000	0.0915	0.9502	0.0000	0.0000	0.0000	0.0000	0.0000	1.1319	0.0000	0.0000	0.0000	0.0000	0.0000	0.9295	0.0000	0.0000
0.0000	0.0000	0.0000	0.0000	0.9858	0.0000	0.0000	0.0000	0.0000	0.0000	0.9593	0.0000	0.0000	0.0000	0.0000	0.0000	0.9901	0.0000	0.0000	0.0000	0.0000	0.0000	0.9201	0.0000	0.0000	0.0000	0.0000	0.0000	0.9827	0.0000
0.0000	0.0000	0.0000	0.0000	0.0000	1.0727	0.0000	0.0000	0.0862	0.0000	0.0000	0.9436	0.0000	0.0000	0.0000	0.0000	0.0000	0.8944	0.0000	0.0000	0.0000	0.0000	0.0000	1.0204	0.0000	0.0000	0.0000	0.0000	0.0000	0.8919
Approximated J(p)v:
(-3.5930905, -0.34878373, -1.6796556, -2.8941214)

Real delta(p,v):
(-2.6641247, -4.37118, -0.029001296, -7.0642385)

The matrix J(p):
0.0000	0.7415	0.9711	0.0000	0.0000	0.0000	0.0000	0.0000	0.9881	0.0000	0.0000	0.0000	0.0000	0.2134	1.0640	0.0000	0.0000	0.1397	0.0000	0.0344	0.9731	0.0307	0.0000	0.0000	0.0000	0.0000	0.9408	0.0000	0.0000	0.0000
0.0000	0.0000	0.0000	0.7932	0.0000	0.0000	0.1907	0.0000	0.0000	1.1475	0.0000	0.0000	0.0000	0.0000	0.0000	1.3132	0.1756	0.2751	0.0000	0.0000	0.0000	0.8436	0.0000	0.0000	0.0000	0.0000	0.0000	1.0739	0.0000	0.0000
0.0000	0.7025	0.0000	0.0000	1.0527	0.0000	0.0000	0.0168	0.0000	0.0000	0.8377	0.0000	0.0000	0.0000	0.0000	0.0000	0.8828	0.0000	0.0000	0.0000	0.0000	0.0000	1.0575	0.0000	0.0000	0.0000	0.0000	0.0003	1.2722	0.0000
0.0000	0.0000	0.3297	0.0000	0.0000	0.5321	0.0000	0.0000	0.0000	0.0000	0.0398	1.0192	0.0000	0.0000	0.0000	0.0000	0.0000	1.3885	0.0000	0.0000	0.0000	0.0000	0.0000	0.9633	0.0000	0.0000	0.0000	0.5716	0.0000	0.9488
Approximated J(p)v:
(3.7229543, -0.011799192, 1.1130512, 2.5057204)

Real delta(p,v):
(5.026394, 2.9140844, 2.1719627, 5.276552)

The matrix J(p):
0.0000	0.0000	1.0012	0.0000	0.0000	0.0000	0.0000	0.0000	1.0082	0.0000	0.0000	0.0000	0.0000	0.0000	0.9977	0.0253	0.0000	0.1130	0.0000	0.0000	0.9627	0.0000	0.0000	0.0000	0.0000	0.0000	1.0497	0.0000	0.0000	0.0000
0.0000	0.0000	0.0000	1.0368	0.0000	0.0000	0.0000	0.0000	0.0000	0.9471	0.0000	0.0000	0.0000	0.0000	0.0000	1.1013	0.0000	0.0000	0.0000	0.0000	0.0000	1.0586	0.0000	0.0000	0.0000	0.0000	0.0184	0.9642	0.0000	0.0000
0.0000	0.0000	0.0000	0.0000	1.0506	0.0000	0.0000	0.0000	0.0000	0.0000	0.8928	0.0000	0.0000	0.0000	0.0000	0.0000	0.9356	0.0000	0.0000	0.0000	0.0000	0.0000	0.8972	0.0000	0.0000	0.0000	0.0000	0.0000	1.0064	0.0000
0.0000	0.0000	0.0000	0.0000	0.0000	1.0549	0.0000	0.0000	0.0000	0.0000	0.0000	0.9319	0.0000	0.0000	0.0000	0.0000	0.0000	0.9308	0.0000	0.0000	0.0000	0.0773	0.0000	1.1062	0.0000	0.0000	0.0000	0.0000	0.0000	1.0804
Approximated J(p)v:
(-0.28552884, -3.846835, -1.1124681, 0.31931773)

Real delta(p,v):
(3.5339415, -0.7258879, 2.774529, 2.8833396)

The matrix J(p):
0.0000	0.0000	0.9853	0.0000	0.0000	0.0000	0.0000	0.0000	1.1016	0.0000	0.0000	0.0000	0.0000	0.0000	0.9393	0.0000	0.0000	0.0000	0.0000	0.0000	0.9943	0.0000	0.0000	0.0000	0.0000	0.0000	1.0117	0.0000	0.0000	0.0000
0.0000	0.0000	0.0000	0.9803	0.0000	0.0000	0.0000	0.0000	0.0000	1.0633	0.0000	0.0000	0.0000	0.0000	0.0000	1.1849	0.0000	0.0000	0.0000	0.0000	0.0000	1.0656	0.0000	0.0000	0.0000	0.0000	0.0000	1.0526	0.0000	0.0000
0.0000	0.0000	0.0000	0.0000	1.1224	0.0000	0.0000	0.0621	0.1021	0.0000	0.9765	0.0000	0.0000	0.0000	0.0000	0.0000	0.9193	0.0000	0.0000	0.0000	0.0000	0.0000	0.9570	0.0000	0.0000	0.0000	0.0000	0.0000	0.9719	0.0000
0.0000	0.0000	0.0000	0.0000	0.0000	0.9974	0.0000	0.0000	0.0000	0.0000	0.0000	0.8848	0.0000	0.0000	0.0000	0.0000	0.0000	1.0500	0.0000	0.0000	0.0000	0.0000	0.0000	1.0562	0.0000	0.0000	0.0000	0.0000	0.0000	1.0901
Approximated J(p)v:
(-0.38721484, 1.5481876, -1.2061751, 1.5866615)

Real delta(p,v):
(-1.0860412, 2.2179294, -2.2328968, 2.2000425)

The matrix J(p):
0.0000	0.0000	0.9966	0.0000	0.0000	0.0053	0.0000	0.0000	1.1013	0.0000	0.0000	0.0000	0.0000	0.0000	1.0161	0.1464	0.0005	0.0000	0.0000	0.0000	0.9164	0.0000	0.0000	0.0000	0.0000	0.0000	1.0991	0.0000	0.0000	0.0000
0.0000	0.0000	0.0000	0.9924	0.0000	0.0000	0.0000	0.0000	0.0000	1.0442	0.0000	0.0134	0.0000	0.0000	0.0000	1.1469	0.0000	0.0000	0.0000	0.0000	0.0000	1.0792	0.0000	0.0000	0.0000	0.0000	0.0127	1.0657	0.0000	0.0000
0.0000	0.0000	0.0000	0.0000	1.0642	0.0000	0.0000	0.0000	0.0000	0.0000	0.9812	0.0000	0.0000	0.0000	0.0000	0.0000	0.9488	0.0000	0.0000	0.0000	0.0000	0.0000	0.9678	0.0000	0.0000	0.0000	0.0531	0.0000	0.9342	0.0000
0.0000	0.0000	0.0000	0.0000	0.0000	0.9451	0.0000	0.0000	0.0000	0.0000	0.0000	0.9823	0.0000	0.0000	0.0000	0.0000	0.0000	0.9934	0.0000	0.0000	0.0000	0.0383	0.0000	1.0812	0.0000	0.0000	0.0000	0.0000	0.0000	1.0820
Approximated J(p)v:
(-2.4182038, -0.21032356, 2.6258597, 1.2866122)

Real delta(p,v):
(-2.4263096, 0.8029816, 1.667932, 2.402979)

The matrix J(p):
0.0000	0.0000	1.1127	0.0000	0.0000	0.0000	0.0000	0.0000	1.1518	0.0000	0.0000	0.0000	0.0000	0.0000	0.9697	0.0000	0.0000	0.0000	0.0000	0.0000	0.9436	0.0000	0.0000	0.0000	0.0000	0.0000	1.0552	0.0000	0.0000	0.0000
0.0000	0.0000	0.0000	0.9089	0.0000	0.0000	0.0000	0.0000	0.1428	1.1895	0.0000	0.0000	0.0000	0.0000	0.0000	1.0157	0.0000	0.0000	0.0000	0.0000	0.0941	1.0995	0.0097	0.0145	0.0000	0.0000	0.0000	1.0491	0.0000	0.0000
0.0000	0.0000	0.0000	0.0000	1.2588	0.0000	0.0000	0.0000	0.0000	0.0000	1.1414	0.0000	0.0000	0.0000	0.0000	0.0000	1.0078	0.0000	0.0000	0.0000	0.0000	0.0000	0.9015	0.0000	0.0000	0.0000	0.0000	0.0000	0.9714	0.0000
0.0000	0.0000	0.0000	0.0000	0.0000	0.8348	0.0000	0.0000	0.0000	0.0000	0.0722	1.0494	0.0000	0.0000	0.0644	0.0000	0.0000	0.9686	0.0000	0.0000	0.0000	0.0000	0.0000	1.1119	0.0000	0.0000	0.0000	0.0000	0.0000	1.0338
Approximated J(p)v:
(1.3975892, 1.5160801, 1.0843608, -3.2422538)

Real delta(p,v):
(3.258937, 0.9398503, 3.0244703, -3.6300015)

The matrix J(p):
0.0000	0.0000	0.9838	0.0000	0.0000	0.0000	0.0000	0.0728	0.9785	0.0000	0.0000	0.0000	0.0000	0.0000	1.0211	0.0000	0.0000	0.1423	0.0000	0.0000	0.9718	0.0000	0.0000	0.0000	0.0000	0.0000	0.9990	0.0000	0.0000	0.0000
0.0000	0.0000	0.0000	0.9514	0.0000	0.0000	0.0000	0.0000	0.0000	0.9827	0.0000	0.0000	0.0000	0.0000	0.0000	1.1771	0.0035	0.0000	0.0000	0.0000	0.0000	0.9738	0.0000	0.0000	0.0000	0.0000	0.0000	0.9752	0.0000	0.0000
0.0000	0.0000	0.0000	0.0000	1.0266	0.0000	0.0000	0.0716	0.0000	0.0000	0.8342	0.0000	0.0000	0.0000	0.0000	0.0000	0.9301	0.0000	0.0000	0.0000	0.0000	0.0000	0.9402	0.0000	0.0000	0.0000	0.0000	0.0000	1.1302	0.0000
0.0000	0.0000	0.0462	0.0000	0.0000	0.8785	0.0000	0.0000	0.0000	0.0000	0.0000	0.9642	0.0284	0.0000	0.0000	0.0000	0.0000	1.0983	0.0000	0.0000	0.0000	0.0565	0.0000	1.0609	0.0000	0.0000	0.0000	0.0000	0.0000	1.0167
Approximated J(p)v:
(-0.8149172, -1.4422221, -1.174706, 2.0897982)

Real delta(p,v):
(-2.661871, -4.7044706, -3.19944, -0.84614354)

The matrix J(p):
0.0000	0.0000	1.0231	0.0000	0.0000	0.0285	0.0000	0.0000	0.8503	0.0000	0.0000	0.0000	0.0000	0.0000	1.0994	0.0000	0.0000	0.0000	0.0000	0.0000	0.9899	0.0000	0.0000	0.0000	0.0000	0.0154	0.9626	0.0000	0.0000	0.0000
0.0000	0.0000	0.0000	1.0669	0.0000	0.0000	0.0000	0.0000	0.1236	0.9717	0.0000	0.0000	0.0000	0.0000	0.0010	0.8900	0.0000	0.0000	0.0000	0.0000	0.0000	1.0785	0.1968	0.0000	0.0000	0.0000	0.0318	0.9066	0.0000	0.0000
0.0000	0.0000	0.0000	0.0000	0.9117	0.0000	0.0000	0.0000	0.0000	0.0000	0.9075	0.0000	0.0000	0.0000	0.2007	0.0000	0.8927	0.0000	0.0000	0.0000	0.0000	0.0000	0.9535	0.0000	0.0000	0.0000	0.0310	0.0000	1.0241	0.0000
0.0000	0.0000	0.0000	0.0000	0.0000	1.0584	0.0000	0.0000	0.1655	0.0000	0.0000	0.9393	0.0000	0.0000	0.0000	0.0000	0.0000	0.8455	0.0000	0.0000	0.0000	0.0000	0.0000	0.9694	0.0000	0.0000	0.0000	0.0000	0.0020	0.8679
Approximated J(p)v:
(-1.4357336, 1.2705541, 0.5340625, -2.300407)

Real delta(p,v):
(-0.20716262, 2.017452, 1.9297274, -1.667526)

The matrix J(p):
0.0000	0.0000	1.0208	0.0000	0.0000	0.0000	0.0000	0.0000	1.1042	0.0000	0.0000	0.0000	0.0000	0.0000	0.9649	0.0000	0.0000	0.0000	0.0000	0.0000	0.9444	0.0000	0.0000	0.0000	0.0000	0.0000	1.0699	0.0000	0.0000	0.0000
0.0000	0.0000	0.0000	0.9585	0.0000	0.0000	0.0000	0.0000	0.0000	1.0265	0.0000	0.0000	0.0000	0.0000	0.0000	1.1685	0.0120	0.0000	0.0000	0.0000	0.0000	1.0457	0.0000	0.0000	0.0000	0.0000	0.0000	1.0185	0.0000	0.0000
0.0000	0.0000	0.0000	0.0000	1.1452	0.0000	0.0000	0.0000	0.0163	0.0000	0.9516	0.0000	0.0000	0.0000	0.0000	0.0000	0.9797	0.0000	0.0000	0.0000	0.0000	0.0000	0.8985	0.0000	0.0000	0.0000	0.0000	0.0000	1.0186	0.0000
0.0000	0.0000	0.0000	0.0000	0.0000	0.9265	0.0000	0.0000	0.0000	0.0000	0.0000	0.9838	0.0000	0.0000	0.0000	0.0000	0.0000	1.0246	0.0000	0.0000	0.0000	0.1032	0.0000	1.1375	0.0000	0.0000	0.0000	0.0000	0.0000	1.1093
Approximated J(p)v:
(-2.268706, -0.3786553, 1.9783826, -1.9089237)

Real delta(p,v):
(-2.1522107, -1.5187404, 2.4673877, -2.7417874)

The matrix J(p):
0.0000	0.0000	0.9937	0.0000	0.0000	0.0000	0.0000	0.0664	0.9995	0.0000	0.0000	0.0000	0.0000	0.0000	0.9933	0.0998	0.0000	0.1106	0.0000	0.0000	0.9646	0.0000	0.0000	0.0000	0.0000	0.0000	1.0438	0.0000	0.0000	0.0000
0.0000	0.0000	0.0000	1.0372	0.0594	0.0000	0.0000	0.0000	0.0000	0.9157	0.0000	0.0000	0.0000	0.0000	0.0000	1.1059	0.0000	0.0000	0.0000	0.0000	0.0000	1.0580	0.0000	0.0000	0.0000	0.0000	0.0529	0.9438	0.0000	0.0000
0.0000	0.0000	0.0000	0.0000	1.0295	0.0000	0.0000	0.0185	0.0000	0.0000	0.8633	0.0000	0.0000	0.0000	0.0000	0.0000	0.9548	0.0000	0.0000	0.0000	0.0000	0.0000	0.8850	0.0000	0.0000	0.0000	0.0000	0.0000	1.0231	0.0000
0.0000	0.0000	0.0000	0.0000	0.0000	1.0664	0.0000	0.0000	0.0000	0.0000	0.0000	0.9349	0.0251	0.0000	0.0000	0.0000	0.0000	0.9354	0.0000	0.0000	0.0000	0.0870	0.0000	1.1143	0.0000	0.0000	0.0000	0.0000	0.0000	1.0678
Approximated J(p)v:
(1.6470897, 4.7232323, 0.14275163, -0.57843596)

Real delta(p,v):
(0.09535885, 5.9542775, -1.2273091, 0.7239533)

The matrix J(p):
0.0000	0.0000	1.0253	0.0000	0.0000	0.0000	0.0000	0.0000	1.1178	0.0000	0.0000	0.0000	0.0000	0.0000	0.8870	0.0000	0.0000	0.0000	0.0000	0.0000	1.0250	0.0000	0.0050	0.0000	0.0000	0.0000	1.0148	0.0000	0.0000	0.0000
0.0000	0.0000	0.0000	1.0483	0.1009	0.0000	0.0000	0.0000	0.0000	1.0635	0.0000	0.0000	0.0000	0.0000	0.1281	1.0930	0.0000	0.0000	0.0000	0.0000	0.0000	1.1314	0.0000	0.0000	0.0000	0.0000	0.0000	1.0263	0.0000	0.0579
0.0000	0.0000	0.0000	0.0000	1.2109	0.0000	0.0000	0.0315	0.0772	0.0000	1.0538	0.0000	0.0000	0.0000	0.0000	0.0000	0.9036	0.0000	0.0000	0.0000	0.0000	0.0000	0.8953	0.0000	0.0000	0.0000	0.0000	0.0000	0.8891	0.0000
0.0000	0.0000	0.0000	0.0000	0.0000	1.1662	0.0000	0.0000	0.0000	0.1413	0.0000	0.8228	0.0000	0.0000	0.0000	0.0000	0.0000	0.8962	0.0000	0.0000	0.0000	0.0000	0.0000	1.0950	0.0000	0.0000	0.0000	0.0000	0.0000	1.1535
Approximated J(p)v:
(1.7476344, 2.2858276, 1.3729864, 1.4667714)

Real delta(p,v):
(-0.14516711, 3.543263, -0.37697458, 3.5065994)

The matrix J(p):
0.0000	0.0000	1.0343	0.0000	0.0000	0.1729	0.0000	0.0000	0.7942	0.0000	0.1821	0.0000	0.0000	0.0000	1.1603	0.0000	0.0000	0.0000	0.0000	0.0000	0.9923	0.0000	0.0000	0.0000	0.0000	0.0675	0.9207	0.2039	0.0627	0.0000
0.0000	0.0000	0.0000	1.0475	0.0000	0.0000	0.0000	0.0000	0.1750	1.0269	0.0000	0.0000	0.0000	0.0000	0.0063	0.8046	0.0000	0.0000	0.0000	0.0000	0.0000	1.0794	0.2509	0.0000	0.0000	0.0000	0.0000	0.9091	0.0000	0.0000
0.0000	0.0000	0.3569	0.0000	0.8465	0.0000	0.0000	0.0000	0.0000	0.0000	0.9370	0.0000	0.0000	0.0000	0.4659	0.0000	0.8778	0.0000	0.0000	0.0000	0.0000	0.0171	1.0099	0.0000	0.0000	0.0000	0.0242	0.0000	1.0377	0.0000
0.1116	0.0000	0.0000	0.0000	0.0000	0.9855	0.0000	0.0000	0.3501	0.0000	0.0000	0.9690	0.0000	0.0000	0.0000	0.0000	0.0000	0.8541	0.0000	0.0000	0.0517	0.0000	0.0000	0.8835	0.0000	0.0000	0.0000	0.0000	0.3841	0.7424
Approximated J(p)v:
(-3.6301336, -4.7750044, -0.3878128, 0.80677533)

Real delta(p,v):
(-3.8266323, -2.5918813, -1.0045575, 2.7808828)

The matrix J(p):
0.0000	0.0000	1.0388	0.0000	0.0000	0.0000	0.0000	0.0000	1.0812	0.0000	0.0000	0.0819	0.0000	0.0000	0.9710	0.0000	0.0000	0.0653	0.0000	0.0000	0.9554	0.0000	0.0000	0.0000	0.0000	0.0000	1.0838	0.0000	0.0000	0.0000
0.0000	0.0000	0.0000	1.0254	0.0000	0.0000	0.0000	0.0000	0.0000	1.0376	0.0000	0.0000	0.0000	0.0000	0.0000	1.1040	0.0000	0.0000	0.0000	0.0000	0.0000	1.0725	0.0000	0.0000	0.0000	0.0000	0.0000	1.0210	0.0000	0.0000
0.0000	0.0000	0.0000	0.0000	1.1747	0.0000	0.0000	0.0000	0.0000	0.0000	0.9985	0.0734	0.0000	0.0000	0.0000	0.0000	0.9137	0.0000	0.0000	0.0000	0.0000	0.0000	0.8928	0.0000	0.0000	0.0000	0.0000	0.0000	0.9513	0.0000
0.0000	0.0000	0.0000	0.0000	0.0000	1.0327	0.0000	0.0000	0.0000	0.0000	0.0000	0.9315	0.0000	0.0000	0.0000	0.0000	0.0000	0.9098	0.0000	0.0000	0.0000	0.0976	0.0000	1.1331	0.0000	0.0000	0.0000	0.0000	0.0000	1.1611
Approximated J(p)v:
(0.3674358, 0.5559537, -0.13765806, 3.9950213)

Real delta(p,v):
(-1.0867131, -1.6177838, -1.1206598, 1.293515)

The matrix J(p):
0.0000	0.0000	1.0080	0.0000	0.0000	0.0000	0.0000	0.0000	1.1906	0.0000	0.0000	0.0000	0.0000	0.0000	0.8590	0.0000	0.0000	0.0000	0.0000	0.0000	1.0432	0.0000	0.1462	0.0000	0.0000	0.0000	0.9914	0.0000	0.0000	0.0000
0.0000	0.0000	0.0000	1.0144	0.0000	0.0000	0.0000	0.0000	0.0000	1.1739	0.0000	0.0000	0.0000	0.0000	0.1444	1.1456	0.0000	0.0000	0.0000	0.0000	0.0000	1.1489	0.0000	0.0000	0.0000	0.0000	0.0000	1.1170	0.0287	0.1170
0.0000	0.0000	0.0000	0.0000	1.2470	0.0000	0.0000	0.0000	0.1542	0.0000	1.1412	0.0000	0.0000	0.0000	0.0000	0.0000	0.8731	0.0000	0.0000	0.0000	0.0000	0.0000	0.9705	0.0000	0.0000	0.0000	0.0000	0.0000	0.8296	0.0227
0.0000	0.0000	0.0000	0.0000	0.0000	1.1241	0.0000	0.0000	0.0000	0.2833	0.0000	0.7820	0.0000	0.0000	0.0000	0.0000	0.0000	0.9783	0.0000	0.0000	0.0000	0.0000	0.0000	1.0299	0.0000	0.0000	0.0000	0.0000	0.0000	1.1504
Approximated J(p)v:
(-0.40217984, -1.9912918, -0.6614384, -4.9720592)

Real delta(p,v):
(0.48155642, -1.0059105, 0.7458328, -3.4475582)

The matrix J(p):
0.0000	0.0000	1.0884	0.0000	0.0000	0.0000	0.0000	0.0000	1.1193	0.0000	0.0000	0.1434	0.0000	0.2370	0.9281	0.0000	0.0000	0.0000	0.0000	0.0000	0.9985	0.0000	0.0000	0.0000	0.0000	0.0000	1.0290	0.0000	0.0000	0.0000
0.0000	0.0000	0.0000	0.9333	0.0000	0.0000	0.0000	0.0000	0.0000	1.1928	0.0000	0.0000	0.0000	0.0000	0.0000	1.1448	0.0000	0.0000	0.0000	0.0000	0.0000	1.0051	0.0000	0.0000	0.0000	0.0000	0.0000	1.0692	0.0000	0.0158
0.0000	0.0000	0.0000	0.0000	1.3529	0.0000	0.0000	0.0000	0.0000	0.0000	1.0829	0.1252	0.0000	0.0000	0.0000	0.0000	0.8654	0.0000	0.0000	0.0000	0.0000	0.0000	0.8986	0.3873	0.0000	0.0000	0.0000	0.0000	1.0295	0.0000
0.0000	0.0000	0.0000	0.0000	0.0000	0.8760	0.0000	0.0000	0.0000	0.1216	0.0115	0.9212	0.0000	0.0000	0.0000	0.0000	0.0000	1.0252	0.0000	0.0000	0.0000	0.0342	0.0000	1.1206	0.0000	0.0000	0.0000	0.0000	0.0000	1.1962
Approximated J(p)v:
(-1.0087681, -5.170714, 0.009451598, 0.58815193)

Real delta(p,v):
(1.2791591, -6.732275, 2.4573002, -0.70565975)

The matrix J(p):
0.0000	0.1519	1.0450	0.0000	0.0000	0.0000	0.0000	0.0000	0.9064	0.0000	0.0000	0.2258	0.0000	0.3199	1.0339	0.0000	0.0000	0.1082	0.0000	0.0209	1.0295	0.0000	0.0000	0.0000	0.0000	0.0000	0.9047	0.0000	0.0000	0.0000
0.0000	0.0000	0.0000	0.8752	0.0000	0.0000	0.1479	0.0000	0.0000	1.1172	0.0000	0.0000	0.0000	0.0000	0.0000	1.1409	0.0000	0.0000	0.0000	0.0000	0.0000	0.8726	0.0000	0.0000	0.0000	0.0000	0.0000	0.9709	0.0000	0.0367
0.0000	0.1724	0.0000	0.0000	1.1480	0.0000	0.0000	0.0000	0.0000	0.0000	0.8729	0.2289	0.0000	0.2738	0.0000	0.0000	0.8422	0.0000	0.0000	0.0000	0.0000	0.0000	0.9491	0.4733	0.0000	0.0000	0.0000	0.0000	1.2726	0.0000
0.0000	0.0000	0.2262	0.0000	0.0000	0.7106	0.0000	0.0000	0.0000	0.0000	0.1690	0.9572	0.0000	0.0000	0.0000	0.0000	0.0000	1.1822	0.0000	0.0000	0.0000	0.0000	0.0000	1.0082	0.0000	0.0000	0.0000	0.0374	0.0000	0.9837
Approximated J(p)v:
(-0.13403618, -0.22453725, 1.6536057, 0.23463172)

Real delta(p,v):
(-0.48142338, -1.6274016, 0.6165371, -1.0674622)

The matrix J(p):
0.0000	0.2053	1.0171	0.0000	0.0000	0.3220	0.0000	0.0000	0.8833	0.0000	0.1666	0.0000	0.0000	0.0000	1.1770	0.0000	0.0000	0.0000	0.0000	0.0000	0.9509	0.0226	0.0000	0.0000	0.0000	0.0000	0.9588	0.1839	0.1750	0.0000
0.0828	0.0000	0.0000	0.9749	0.0000	0.0000	0.0000	0.0000	0.0000	1.1289	0.0000	0.0000	0.0000	0.0000	0.0000	0.9098	0.0000	0.0000	0.0000	0.0000	0.0000	1.0570	0.0000	0.0000	0.0000	0.0000	0.0000	1.0195	0.0000	0.0000
0.0000	0.2425	0.0000	0.0000	0.8673	0.0000	0.0000	0.0000	0.0000	0.0000	0.9912	0.0000	0.0000	0.0000	0.4083	0.0000	0.8775	0.0000	0.0000	0.0000	0.0000	0.0000	1.0905	0.0000	0.0000	0.0000	0.0581	0.0000	1.0153	0.0000
0.1331	0.0000	0.0000	0.0000	0.0000	0.8187	0.0000	0.0000	0.0000	0.0000	0.0000	1.0178	0.0000	0.0000	0.0000	0.0000	0.0000	0.9882	0.0000	0.0000	0.1727	0.0000	0.0000	0.8558	0.0000	0.0000	0.0000	0.0000	0.1677	0.7567
Approximated J(p)v:
(2.3119292, 1.0174565, 2.1603966, -3.2697608)

Real delta(p,v):
(2.6914608, 5.134714, 2.9403186, 0.7751019)

The matrix J(p):
0.0000	0.0000	1.0189	0.0000	0.0000	0.0000	0.0000	0.0000	1.0911	0.0000	0.0000	0.0000	0.0000	0.0000	0.9595	0.0000	0.0000	0.0877	0.0000	0.0000	0.9490	0.0000	0.0000	0.0000	0.0000	0.0000	1.0876	0.0000	0.0000	0.0000
0.0000	0.0000	0.0000	1.0152	0.0719	0.0000	0.0000	0.0000	0.0000	0.9929	0.0000	0.0000	0.0000	0.0000	0.0000	1.1452	0.0000	0.0000	0.0000	0.0000	0.0000	1.0680	0.0000	0.0000	0.0000	0.0000	0.0000	1.0070	0.0000	0.0000
0.0000	0.0000	0.0000	0.0000	1.1457	0.0000	0.0000	0.0000	0.0196	0.0000	0.9517	0.0000	0.0000	0.0000	0.0000	0.0000	0.9506	0.0000	0.0000	0.0000	0.0000	0.0000	0.8812	0.0000	0.0000	0.0000	0.0000	0.0000	0.9726	0.0000
0.0000	0.0000	0.0000	0.0000	0.0000	1.0307	0.0000	0.0000	0.0000	0.0000	0.0000	0.9430	0.0000	0.0000	0.0000	0.0000	0.0000	0.9437	0.0000	0.0000	0.0000	0.1321	0.0000	1.1525	0.0000	0.0000	0.0000	0.0000	0.0000	1.1569
Approximated J(p)v:
(-2.7776814, 2.2990685, 1.5231438, 1.119208)

Real delta(p,v):
(-4.5615973, 1.1975343, -0.20005277, -0.10491061)

The matrix J(p):
0.0000	0.0000	1.0090	0.0000	0.0000	0.0000	0.0000	0.0000	1.0437	0.0000	0.0000	0.0000	0.0000	0.0000	0.9799	0.0000	0.0000	0.0000	0.0000	0.0000	0.9567	0.0000	0.0000	0.0000	0.0000	0.0000	1.0394	0.0000	0.0000	0.0000
0.0000	0.0000	0.0000	0.9774	0.0000	0.0000	0.0000	0.0000	0.0000	0.9610	0.0000	0.0000	0.0076	0.0000	0.0000	1.1261	0.0251	0.0000	0.0000	0.0000	0.0000	1.0503	0.0000	0.0000	0.0000	0.0000	0.0000	0.9608	0.0000	0.0000
0.0000	0.0000	0.0000	0.0000	1.0682	0.0000	0.0000	0.0000	0.0000	0.0000	0.8917	0.0000	0.0000	0.0000	0.0000	0.0000	0.9998	0.0000	0.0000	0.0000	0.0000	0.0000	0.8847	0.0000	0.0000	0.0000	0.0000	0.0000	1.0510	0.0000
0.0000	0.0000	0.0000	0.0000	0.0000	0.9697	0.0000	0.0000	0.0000	0.0000	0.0000	0.9819	0.0000	0.0000	0.0000	0.0000	0.0000	1.0010	0.0000	0.0000	0.0000	0.0728	0.0000	1.1231	0.0000	0.0000	0.0000	0.0000	0.0000	1.0433
Approximated J(p)v:
(-0.09183812, 1.2131313, -5.2996707, 1.6744293)

Real delta(p,v):
(-3.5952377, 1.0146953, -8.931985, 2.7020876)

The matrix J(p):
0.0000	0.0000	0.9905	0.0000	0.0000	0.0000	0.0000	0.0000	0.8886	0.0152	0.0000	0.0000	0.0000	0.0000	1.0488	0.2728	0.0000	0.0000	0.0000	0.0000	0.9699	0.1444	0.0000	0.0000	0.0000	0.4091	0.9346	0.0000	0.0000	0.0000
0.1373	0.0000	0.0000	1.0000	0.0000	0.0000	0.0000	0.0000	0.2364	0.7939	0.0199	0.1993	0.0000	0.0000	0.0911	0.8899	0.1086	0.0000	0.7727	0.0000	0.0000	1.1432	0.0978	0.0000	0.0000	0.0000	0.0000	0.7809	0.0000	0.0000
0.0000	0.0000	0.0000	0.0000	0.7627	0.1070	0.0000	0.0000	0.0000	0.0000	0.7780	0.0000	0.0000	0.0000	0.0000	0.3138	1.1675	0.0000	0.0000	0.0000	0.0000	0.0124	0.8663	0.0000	0.0000	0.0000	0.0000	0.0000	1.1041	0.0000
0.1500	0.0000	0.0000	0.0000	0.0000	1.0544	0.0000	0.0000	0.0177	0.0000	0.0000	1.0611	0.0000	0.0000	0.0000	0.0000	0.0928	0.9133	0.0000	0.0000	0.0000	0.0000	0.0000	1.0383	0.0000	0.0000	0.0000	0.0000	0.0000	0.6808
Approximated J(p)v:
(-1.3682711, 2.8901217, -0.18800953, -1.2339108)

Real delta(p,v):
(0.07047629, 0.37568521, 0.9849291, -3.2860754)

The matrix J(p):
0.0000	0.0000	1.0043	0.0000	0.0000	0.0000	0.0000	0.0363	1.0313	0.0000	0.0000	0.0000	0.0000	0.0000	0.9357	0.0000	0.0000	0.0000	0.0000	0.0000	1.0133	0.0000	0.0000	0.0000	0.0000	0.0000	1.0046	0.0000	0.0000	0.0000
0.0000	0.0000	0.0000	1.0584	0.1319	0.0000	0.0000	0.0000	0.0000	0.9676	0.0000	0.0000	0.0000	0.0000	0.0731	1.0778	0.0000	0.0000	0.0000	0.0000	0.0000	1.1005	0.0000	0.0000	0.0000	0.0000	0.0000	0.9607	0.0000	0.0000
0.0000	0.0000	0.0000	0.0000	1.0982	0.0000	0.0000	0.0880	0.0282	0.0000	0.9410	0.0000	0.0000	0.0000	0.0000	0.0000	0.9246	0.0000	0.0000	0.0000	0.0000	0.0000	0.8843	0.0000	0.0000	0.0000	0.0000	0.0000	0.9630	0.0000
0.0000	0.0000	0.0000	0.0000	0.0000	1.1582	0.0000	0.0000	0.0000	0.0000	0.0000	0.8554	0.0000	0.0000	0.0000	0.0000	0.0000	0.8989	0.0000	0.0000	0.0000	0.0000	0.0000	1.0917	0.0000	0.0000	0.0000	0.0000	0.0000	1.0886
Approximated J(p)v:
(-3.7782273, -0.16975968, 1.9828522, -0.33895695)

Real delta(p,v):
(-3.0735993, -1.4623797, 2.4394603, -1.9246223)

The matrix J(p):
0.0000	0.0000	1.0592	0.0000	0.0000	0.0000	0.0000	0.0000	0.9860	0.0000	0.0000	0.1401	0.0000	0.0000	0.9534	0.0000	0.0000	0.0343	0.0000	0.0000	1.0188	0.0000	0.0000	0.0000	0.0000	0.0000	0.9972	0.0000	0.0000	0.0000
0.0000	0.0000	0.0000	1.0352	0.0000	0.0000	0.0000	0.0000	0.1004	1.0012	0.0000	0.0000	0.0000	0.0000	0.0869	1.0355	0.0000	0.0000	0.0000	0.0000	0.0000	1.0445	0.1284	0.1615	0.0000	0.0000	0.0000	0.9309	0.0000	0.0176
0.0000	0.0000	0.0000	0.0000	1.1830	0.0000	0.0000	0.0000	0.0000	0.0000	0.9478	0.1347	0.0000	0.0000	0.0000	0.0000	0.8951	0.0000	0.0000	0.0000	0.0000	0.0000	0.8425	0.1743	0.0000	0.0000	0.0000	0.0000	1.0446	0.0000
0.0000	0.0000	0.0000	0.0000	0.0000	1.0827	0.0000	0.0000	0.0000	0.0131	0.0000	0.8867	0.0000	0.0000	0.0405	0.0000	0.0000	0.8839	0.0000	0.0000	0.0000	0.0336	0.0000	1.1215	0.0000	0.0000	0.0000	0.0000	0.0000	1.1117
Approximated J(p)v:
(5.0937405, -0.24884991, -4.004715, 3.1208694)

Real delta(p,v):
(4.122591, 0.88222647, -4.6148257, 4.48193)

The matrix J(p):
0.0000	0.0000	0.8779	0.0000	0.0000	0.2918	0.0000	0.0002	1.1520	0.0000	0.0000	0.0000	0.0000	0.0000	0.9073	0.4388	0.2077	0.0000	0.0000	0.0000	0.9973	0.2570	0.0000	0.0000	0.0000	0.5097	0.9597	0.0000	0.0000	0.0000
0.0000	0.0000	0.0000	0.9911	0.0000	0.0000	0.0000	0.0000	0.0000	0.9403	0.2027	0.0935	0.3445	0.0000	0.0530	1.1788	0.1527	0.0000	1.0622	0.0000	0.0000	1.2144	0.0000	0.0000	0.0000	0.0000	0.0000	1.0265	0.0000	0.0279
0.0000	0.0000	0.0000	0.0000	0.8496	0.0000	0.0000	0.0440	0.2932	0.0000	0.9206	0.0000	0.0000	0.0000	0.0000	0.0000	1.0974	0.0000	0.0000	0.0000	0.0000	0.0000	1.0164	0.0000	0.0000	0.0000	0.0000	0.0000	0.8680	0.0000
0.0000	0.0000	0.0000	0.0000	0.0000	1.1332	0.0000	0.0000	0.0000	0.0000	0.0000	0.8813	0.0000	0.0000	0.0000	0.0000	0.0000	1.0925	0.0000	0.0000	0.3486	0.0000	0.1689	0.9711	0.0000	0.0490	0.0000	0.0000	0.0000	0.8583
Approximated J(p)v:
(-0.399444, -1.2069758, 0.42895842, -2.071238)

Real delta(p,v):
(1.5295911, -1.3661984, 2.100104, -2.4374478)

The matrix J(p):
0.0000	0.0000	1.0238	0.0000	0.0000	0.0000	0.0000	0.0000	1.0961	0.0000	0.0000	0.0000	0.0000	0.0000	0.9096	0.0000	0.0000	0.0000	0.0000	0.0000	1.0194	0.0000	0.0000	0.0000	0.0000	0.0000	0.9629	0.0000	0.0000	0.0000
0.0000	0.0000	0.0000	0.9618	0.0000	0.0000	0.0000	0.0000	0.0000	1.0553	0.0000	0.0000	0.0000	0.0000	0.1359	1.0777	0.0117	0.0000	0.0000	0.0000	0.0000	1.1127	0.0000	0.1017	0.0000	0.0000	0.0000	0.9857	0.0000	0.1190
0.0000	0.0000	0.0000	0.0000	1.1330	0.0000	0.0000	0.0000	0.0241	0.0000	1.0056	0.0000	0.0000	0.0000	0.0000	0.0000	1.0034	0.0000	0.0000	0.0000	0.0000	0.0000	0.9031	0.0000	0.0000	0.0000	0.0000	0.0000	0.9924	0.0000
0.0000	0.0000	0.0000	0.0000	0.0000	1.0217	0.0000	0.0000	0.0000	0.0886	0.0000	0.9144	0.0000	0.0000	0.0000	0.0000	0.1072	1.0051	0.0000	0.0000	0.0000	0.0000	0.0000	1.0657	0.0000	0.0000	0.0000	0.0000	0.0000	0.9918
Approximated J(p)v:
(-1.4816997, -0.3719167, 0.8455981, -0.36974424)

Real delta(p,v):
(1.6485295, 2.5639772, 3.6734061, 2.4025106)

The matrix J(p):
0.0000	0.0000	1.0434	0.0000	0.0000	0.0000	0.0000	0.0000	1.0393	0.0000	0.0000	0.0000	0.0000	0.0000	0.9600	0.0000	0.0000	0.0562	0.0000	0.0000	0.9791	0.0000	0.0000	0.0000	0.0000	0.0000	1.0450	0.0000	0.0000	0.0000
0.0000	0.0000	0.0000	1.0140	0.0103	0.0000	0.0000	0.0000	0.0059	1.0000	0.0000	0.0000	0.0000	0.0000	0.0000	1.0941	0.0000	0.0000	0.0000	0.0000	0.0000	1.0476	0.0000	0.0000	0.0000	0.0000	0.0000	0.9677	0.0000	0.0000
0.0000	0.0000	0.0000	0.0000	1.1698	0.0000	0.0000	0.0000	0.0000	0.0000	0.9465	0.0000	0.0000	0.0000	0.0000	0.0000	0.9297	0.0000	0.0000	0.0000	0.0000	0.0000	0.8585	0.0000	0.0000	0.0000	0.0000	0.0000	1.0231	0.0000
0.0000	0.0000	0.0000	0.0000	0.0000	1.0316	0.0000	0.0000	0.0000	0.0000	0.0000	0.9296	0.0000	0.0000	0.0000	0.0000	0.0000	0.9251	0.0000	0.0000	0.0000	0.1064	0.0000	1.1430	0.0000	0.0000	0.0000	0.0000	0.0000	1.1322
Approximated J(p)v:
(-1.5106133, 2.5443685, 2.9792042, -2.2440777)

Real delta(p,v):
(-0.2226345, 0.822006, 4.944705, -4.269534)

The matrix J(p):
0.0000	0.0000	1.0060	0.0000	0.0000	0.1816	0.0000	0.0000	0.8470	0.0000	0.0000	0.0000	0.0000	0.0000	1.1183	0.0000	0.0000	0.0000	0.0000	0.0000	0.9794	0.0267	0.0000	0.0000	0.0000	0.1879	0.9311	0.1294	0.0000	0.0000
0.0000	0.0000	0.0000	1.0247	0.0000	0.0000	0.0000	0.0000	0.1235	0.9515	0.0000	0.0000	0.0000	0.0000	0.0121	0.8611	0.0000	0.0000	0.0858	0.0000	0.0000	1.1056	0.0956	0.0000	0.0000	0.0000	0.0000	0.8839	0.0000	0.0000
0.0000	0.0000	0.0000	0.0000	0.8074	0.0000	0.0000	0.0000	0.0000	0.0000	0.8840	0.0000	0.0000	0.0000	0.2466	0.0000	0.9827	0.0000	0.0000	0.0000	0.0000	0.0334	0.9765	0.0000	0.0000	0.0000	0.0000	0.0000	1.0469	0.0000
0.0829	0.0000	0.0000	0.0000	0.0000	1.0008	0.0000	0.0000	0.0654	0.0000	0.0000	0.9998	0.0000	0.0000	0.0000	0.0000	0.0000	0.8988	0.0000	0.0000	0.0000	0.0000	0.0000	0.9303	0.0000	0.0000	0.0000	0.0000	0.0000	0.7228
Approximated J(p)v:
(-1.1027158, -2.190912, -4.467149, 1.4711344)

Real delta(p,v):
(-2.7919922, -3.1931505, -5.8577957, 0.16242126)

The matrix J(p):
0.0000	0.0000	0.9815	0.0000	0.0000	0.0000	0.0000	0.0000	0.9884	0.0000	0.0000	0.0000	0.0000	0.2218	0.9310	0.0000	0.0000	0.0000	0.0000	0.0000	1.0999	0.0000	0.3090	0.0000	0.0000	0.0000	0.8502	0.0000	0.0000	0.0000
0.0000	0.0000	0.0000	0.9710	0.0000	0.0000	0.0000	0.0000	0.0000	1.1148	0.0000	0.0000	0.0000	0.0000	0.1786	1.1140	0.0000	0.0000	0.0000	0.0000	0.0000	1.0364	0.0000	0.0000	0.0000	0.0000	0.0000	1.0115	0.0000	0.2278
0.0000	0.0000	0.0000	0.0000	1.0947	0.0000	0.0000	0.1214	0.0462	0.0000	0.9683	0.0000	0.0000	0.0000	0.0000	0.0000	0.8394	0.0000	0.0000	0.0000	0.0000	0.0000	0.9987	0.0000	0.0000	0.0000	0.0000	0.0000	1.0516	0.0000
0.0000	0.0000	0.0000	0.0000	0.0000	1.0151	0.0000	0.0000	0.0000	0.3874	0.0000	0.7819	0.0000	0.0000	0.0000	0.0000	0.0000	1.0965	0.0000	0.0000	0.0000	0.0000	0.0000	0.9251	0.0000	0.0000	0.0000	0.0000	0.0000	0.9598
Approximated J(p)v:
(-0.05645019, -0.58027697, 5.943452, 2.333033)

Real delta(p,v):
(-3.0262809, -1.3628018, 2.685338, 1.6294757)

The matrix J(p):
0.0000	0.0000	1.0371	0.0000	0.0000	0.0000	0.0000	0.0000	1.0375	0.0000	0.0000	0.0621	0.0000	0.1291	0.9943	0.0000	0.0000	0.0880	0.0000	0.0000	0.9805	0.0000	0.0000	0.0000	0.0000	0.0000	1.0037	0.0000	0.0000	0.0000
0.0000	0.0000	0.0000	0.9033	0.0000	0.0000	0.0000	0.0000	0.0000	1.1160	0.0000	0.0000	0.0000	0.0000	0.0000	1.1887	0.0000	0.0000	0.0000	0.0000	0.0000	0.9479	0.0000	0.0000	0.0000	0.0000	0.0000	1.0343	0.0000	0.0000
0.0000	0.0000	0.0000	0.0000	1.1918	0.0000	0.0000	0.0000	0.0000	0.0000	0.9446	0.0595	0.0000	0.0000	0.0000	0.0000	0.8887	0.0000	0.0000	0.0000	0.0000	0.0000	0.9391	0.0937	0.0000	0.0000	0.0000	0.0000	1.1316	0.0000
0.0000	0.0000	0.1077	0.0000	0.0000	0.7830	0.0000	0.0000	0.0000	0.0000	0.0000	0.9683	0.0000	0.0000	0.0000	0.0000	0.0000	1.1281	0.0000	0.0000	0.0000	0.0670	0.0000	1.0755	0.0000	0.0000	0.0000	0.0000	0.0000	1.0888
Approximated J(p)v:
(-0.28281233, 3.687067, 4.8709574, -0.3157866)

Real delta(p,v):
(-2.1699777, 4.595339, 1.8185973, 0.49213958)

The matrix J(p):
0.0000	0.0000	1.0594	0.0000	0.0000	0.0000	0.0000	0.0000	1.0814	0.0000	0.0000	0.1033	0.0000	0.4117	0.9186	0.0000	0.0000	0.0000	0.0000	0.0000	1.0603	0.0000	0.1699	0.0000	0.0000	0.0000	0.9262	0.0000	0.0000	0.0000
0.0000	0.0000	0.0000	0.9099	0.0000	0.0000	0.0000	0.0000	0.0000	1.2443	0.0000	0.0000	0.0000	0.0000	0.0969	1.1478	0.0000	0.0000	0.0000	0.0000	0.0000	0.9936	0.0000	0.0000	0.0000	0.0000	0.0000	1.0813	0.0000	0.1731
0.0000	0.0000	0.0000	0.0000	1.3091	0.0000	0.0000	0.0000	0.0000	0.0000	1.0839	0.0911	0.0000	0.0984	0.0000	0.0000	0.8216	0.0000	0.0000	0.0000	0.0000	0.0000	0.9651	0.3580	0.0000	0.0000	0.0000	0.0000	1.0579	0.0000
0.0000	0.0000	0.0022	0.0000	0.0000	0.8617	0.0000	0.0000	0.0000	0.4217	0.0326	0.8519	0.0000	0.0000	0.0000	0.0000	0.0000	1.1116	0.0000	0.0000	0.0000	0.0000	0.0000	1.0107	0.0000	0.0000	0.0000	0.0000	0.0000	1.1000
Approximated J(p)v:
(2.8340816, -0.39911827, -1.581731, -1.0272224)

Real delta(p,v):
(2.0308325, -2.0976186, -2.5605912, -2.9017248)

The matrix J(p):
0.0000	0.0000	0.9845	0.0000	0.0000	0.0000	0.0000	0.0963	0.9003	0.0000	0.0000	0.0082	0.0000	0.0000	1.0438	0.0000	0.0000	0.1573	0.0000	0.0000	0.9986	0.0000	0.0000	0.0000	0.0000	0.0000	0.9449	0.0000	0.0000	0.0000
0.0000	0.0000	0.0000	0.9446	0.0000	0.0000	0.0000	0.0000	0.0000	0.9678	0.0000	0.0000	0.0000	0.0000	0.0000	1.1448	0.0000	0.0000	0.0000	0.0000	0.0000	0.9381	0.0000	0.0000	0.0000	0.0000	0.0000	0.9319	0.0000	0.0000
0.0000	0.0000	0.0000	0.0000	0.9885	0.0000	0.0000	0.0927	0.0000	0.0000	0.7856	0.0235	0.0000	0.0000	0.0000	0.0000	0.9088	0.0000	0.0000	0.0000	0.0000	0.0000	0.9421	0.0000	0.0000	0.0000	0.0000	0.0000	1.2042	0.0000
0.0000	0.0000	0.0982	0.0000	0.0000	0.8571	0.0000	0.0000	0.0000	0.0000	0.0000	0.9556	0.0119	0.0000	0.0000	0.0000	0.0000	1.1168	0.0000	0.0000	0.0000	0.0153	0.0000	1.0251	0.0000	0.0000	0.0000	0.0000	0.0000	0.9545
Approximated J(p)v:
(-0.283223, 4.869889, 1.8111367, 0.60951877)

Real delta(p,v):
(-3.05991, 2.7756872, 0.09865713, -2.079894)

The matrix J(p):
0.0000	0.3612	0.9423	0.0000	0.0000	0.1237	0.0000	0.0000	1.3768	0.0000	0.0000	0.0000	0.0000	0.0000	0.9576	0.3609	0.2236	0.1026	0.0000	0.0000	0.8196	0.0000	0.0000	0.0000	0.0000	0.0000	1.2366	0.0000	0.0205	0.0000
0.0000	0.0000	0.0000	0.8589	0.0000	0.0000	0.0000	0.0000	0.0000	1.1497	0.0000	0.3418	0.2778	0.0000	0.0000	1.4766	0.2310	0.2843	0.0000	0.0000	0.0000	1.0504	0.0000	0.0000	0.0000	0.0000	0.0000	1.2707	0.0000	0.0000
0.0000	0.2117	0.0000	0.0000	1.1724	0.0000	0.0000	0.0000	0.3312	0.0000	1.0382	0.0000	0.0000	0.0000	0.0000	0.0000	1.0230	0.0000	0.0000	0.0000	0.0000	0.0000	1.0402	0.0000	0.0000	0.3218	0.1160	0.0000	0.8733	0.0000
0.0000	0.0286	0.0165	0.0000	0.0000	0.7025	0.0000	0.0000	0.0000	0.0000	0.0000	1.0687	0.1748	0.0000	0.0000	0.0000	0.0000	1.2627	0.0000	0.0000	0.0000	0.2191	0.4280	1.1579	0.5849	0.0000	0.0000	0.3550	0.0000	1.2521
Approximated J(p)v:
(-4.8681264, -0.4674229, 1.964707, 0.9260652)

Real delta(p,v):
(-3.00987, 5.5967274, 3.8730834, 6.993823)

The matrix J(p):
0.0000	0.0000	1.0553	0.0000	0.0000	0.0000	0.0000	0.0000	0.9640	0.0000	0.0000	0.0000	0.0000	0.0000	0.9659	0.0000	0.0000	0.0000	0.0000	0.0000	1.0163	0.0000	0.0000	0.0000	0.0000	0.0000	0.9761	0.0000	0.0000	0.0000
0.0000	0.0000	0.0000	1.0120	0.0000	0.0000	0.0000	0.0000	0.1369	0.9736	0.0000	0.0000	0.0000	0.0000	0.0958	1.0177	0.0000	0.0000	0.0000	0.0000	0.0000	1.0423	0.1280	0.3035	0.0000	0.0000	0.0000	0.8985	0.0000	0.0363
0.0000	0.0000	0.0000	0.0000	1.1314	0.0000	0.0000	0.0000	0.0000	0.0000	0.9120	0.0000	0.0000	0.0000	0.0000	0.0000	0.9419	0.0000	0.0000	0.0000	0.0000	0.0000	0.8378	0.1093	0.0000	0.0000	0.0000	0.0000	1.0870	0.0000
0.0000	0.0000	0.0000	0.0000	0.0000	1.0475	0.0000	0.0000	0.0000	0.0000	0.0000	0.9230	0.0000	0.0000	0.1386	0.0000	0.0000	0.9104	0.0000	0.0000	0.0000	0.0104	0.0000	1.1130	0.0000	0.0000	0.0000	0.0000	0.0000	1.0383
Approximated J(p)v:
(1.5143875, 1.3011649, 0.13143957, 0.027759254)

Real delta(p,v):
(0.3742047, 0.39119914, -1.1043144, -1.1868421)

The matrix J(p):
0.0000	0.0000	1.0312	0.0000	0.0000	0.0000	0.0000	0.0000	0.9000	0.0000	0.0000	0.0000	0.0000	0.0000	1.0559	0.0000	0.0000	0.0000	0.0000	0.0000	0.9793	0.0000	0.0000	0.0000	0.0000	0.1928	0.9697	0.0000	0.0000	0.0000
0.0000	0.0000	0.0000	1.0406	0.0000	0.0000	0.0000	0.0000	0.2337	0.9175	0.0000	0.0000	0.0000	0.0000	0.0636	0.8837	0.0000	0.0000	0.0689	0.0000	0.0000	1.1179	0.2311	0.0000	0.0000	0.0000	0.0000	0.8624	0.0000	0.0000
0.0000	0.0000	0.0000	0.0000	0.9126	0.0000	0.0000	0.0000	0.0000	0.0000	0.8932	0.0000	0.0000	0.0000	0.0186	0.0000	1.0121	0.0000	0.0000	0.0000	0.0000	0.0000	0.8925	0.0000	0.0000	0.0000	0.0000	0.0000	1.0352	0.0000
0.0000	0.0000	0.0000	0.0000	0.0000	1.0700	0.0000	0.0000	0.3001	0.0000	0.0000	0.9912	0.0000	0.0000	0.0000	0.0000	0.0000	0.8452	0.0000	0.0000	0.0000	0.0000	0.0000	1.0307	0.0000	0.0000	0.0000	0.0000	0.0000	0.8345
Approximated J(p)v:
(-1.910138, -1.9833739, -1.5133605, 2.29005)

Real delta(p,v):
(0.45095813, -4.0331926, 0.73866487, 0.5252826)

The matrix J(p):
0.0000	0.0000	1.0228	0.0000	0.0000	0.0000	0.0000	0.0422	0.9347	0.0000	0.0000	0.0663	0.0000	0.0000	0.9871	0.0000	0.0000	0.1005	0.0000	0.0000	1.0083	0.0000	0.0000	0.0000	0.0000	0.0000	0.9882	0.0000	0.0000	0.0000
0.0000	0.0000	0.0000	1.0432	0.0377	0.0000	0.0000	0.0000	0.0458	0.9234	0.0000	0.0000	0.0000	0.0000	0.0327	1.0452	0.0000	0.0000	0.0000	0.0000	0.0000	1.0336	0.0647	0.0000	0.0000	0.0000	0.0000	0.8953	0.0000	0.0000
0.0000	0.0000	0.0000	0.0000	1.0667	0.0000	0.0000	0.0691	0.0000	0.0000	0.8578	0.0713	0.0000	0.0000	0.0000	0.0000	0.9191	0.0000	0.0000	0.0000	0.0000	0.0000	0.8548	0.0000	0.0000	0.0000	0.0000	0.0000	1.0807	0.0000
0.0000	0.0000	0.0000	0.0000	0.0000	1.0858	0.0000	0.0000	0.0000	0.0000	0.0000	0.9033	0.0000	0.0000	0.0000	0.0000	0.0000	0.9061	0.0000	0.0000	0.0000	0.0487	0.0000	1.1029	0.0000	0.0000	0.0000	0.0000	0.0000	1.0491
Approximated J(p)v:
(3.8290477, -1.6490644, -0.3977192, 0.16457236)

Real delta(p,v):
(7.6361165, -5.164802, 2.0332115, -2.851628)

The matrix J(p):
0.0000	0.0000	0.9916	0.0000	0.0000	0.2319	0.0000	0.0000	0.7947	0.0000	0.0285	0.0000	0.0000	0.0000	1.1287	0.0000	0.0000	0.0000	0.0000	0.0000	0.9967	0.1027	0.0000	0.0000	0.0000	0.3105	0.8876	0.2402	0.0000	0.0000
0.1041	0.0000	0.0000	1.0283	0.0000	0.0000	0.0000	0.0000	0.1556	0.9023	0.0000	0.0000	0.0000	0.0000	0.0641	0.8246	0.0000	0.0000	0.3111	0.0000	0.0000	1.1108	0.1125	0.0000	0.0000	0.0000	0.0000	0.8339	0.0000	0.0000
0.0000	0.0000	0.0000	0.0000	0.7292	0.0000	0.0000	0.0000	0.0000	0.0000	0.8320	0.0000	0.0000	0.0000	0.2733	0.0000	1.0094	0.0000	0.0000	0.0000	0.0000	0.0777	0.9739	0.0000	0.0000	0.0000	0.0000	0.0000	1.0835	0.0000
0.2510	0.0000	0.0000	0.0000	0.0000	1.0235	0.0000	0.0000	0.1331	0.0000	0.0000	0.9991	0.0000	0.0000	0.0000	0.0000	0.0000	0.9009	0.0000	0.0000	0.0262	0.0000	0.0000	0.9021	0.0000	0.0000	0.0000	0.0000	0.0000	0.6372
Approximated J(p)v:
(2.3963184, -1.2625349, -1.1055342, 4.3428254)

Real delta(p,v):
(5.446555, -1.7558722, 1.860784, 4.283879)

The matrix J(p):
0.0000	0.0000	1.0897	0.0000	0.0000	0.0000	0.0000	0.0000	1.0212	0.0000	0.0000	0.2091	0.0000	0.1160	0.9493	0.0000	0.0000	0.0335	0.0000	0.0000	1.0118	0.0000	0.0000	0.0000	0.0000	0.0000	1.0092	0.0000	0.0000	0.0000
0.0000	0.0000	0.0000	0.9919	0.0000	0.0000	0.0000	0.0000	0.1064	1.0802	0.0000	0.0000	0.0000	0.0000	0.0587	1.0591	0.0000	0.0000	0.0000	0.0000	0.0000	1.0135	0.1212	0.2765	0.0000	0.0000	0.0000	0.9700	0.0000	0.0228
0.0000	0.0000	0.0000	0.0000	1.2753	0.0000	0.0000	0.0000	0.0000	0.0000	1.0005	0.1966	0.0000	0.0520	0.0000	0.0000	0.8768	0.0000	0.0000	0.0000	0.0000	0.0000	0.8457	0.4415	0.0000	0.0000	0.0000	0.0000	1.0641	0.0000
0.0000	0.0000	0.0000	0.0000	0.0000	0.9854	0.0000	0.0000	0.0000	0.0839	0.0000	0.9114	0.0000	0.0000	0.2409	0.0000	0.0000	0.9253	0.0000	0.0000	0.0000	0.0828	0.0000	1.1352	0.0000	0.0000	0.0000	0.0000	0.0000	1.1529
Approximated J(p)v:
(-2.8959703, -0.42275953, 0.088199496, 0.7668129)

Real delta(p,v):
(-1.7884504, 0.65942156, 1.2020199, 1.8703856)

The matrix J(p):
0.0000	0.0000	1.0349	0.0000	0.0000	0.0000	0.0000	0.0000	1.0326	0.0000	0.0000	0.0468	0.0000	0.1966	0.9287	0.0000	0.0000	0.0000	0.0000	0.0000	1.0567	0.0000	0.0998	0.0000	0.0000	0.0000	0.9329	0.0000	0.0000	0.0000
0.0000	0.0000	0.0000	0.9742	0.0000	0.0000	0.0000	0.0000	0.0000	1.1249	0.0000	0.0000	0.0000	0.0000	0.1202	1.1021	0.0000	0.0000	0.0000	0.0000	0.0000	1.0321	0.0000	0.0000	0.0000	0.0000	0.0000	1.0153	0.0000	0.1351
0.0000	0.0000	0.0000	0.0000	1.2064	0.0000	0.0000	0.0087	0.0000	0.0000	1.0118	0.0421	0.0000	0.0000	0.0000	0.0000	0.8542	0.0000	0.0000	0.0000	0.0000	0.0000	0.9339	0.0971	0.0000	0.0000	0.0000	0.0000	1.0370	0.0000
0.0000	0.0000	0.0000	0.0000	0.0000	0.9934	0.0000	0.0000	0.0000	0.2748	0.0000	0.8394	0.0000	0.0000	0.0000	0.0000	0.0000	1.0243	0.0000	0.0000	0.0000	0.0000	0.0000	1.0255	0.0000	0.0000	0.0000	0.0000	0.0000	1.0695
Approximated J(p)v:
(-0.5240629, -2.2279925, 1.8975872, -1.5330789)

Real delta(p,v):
(-0.6896085, -6.799734, 1.2230685, -5.971299)

The matrix J(p):
0.0000	0.0000	1.0524	0.0000	0.0000	0.0000	0.0000	0.0000	1.0966	0.0000	0.0000	0.0000	0.0000	0.0000	0.9246	0.0000	0.0000	0.0000	0.0000	0.0000	0.9860	0.0000	0.0000	0.0000	0.0000	0.0000	1.0295	0.0000	0.0000	0.0000
0.0000	0.0000	0.0000	0.9863	0.0000	0.0000	0.0000	0.0000	0.0289	1.0344	0.0000	0.0000	0.0000	0.0000	0.0591	1.0760	0.0000	0.0000	0.0000	0.0000	0.0000	1.0934	0.0000	0.0242	0.0000	0.0000	0.0000	0.9791	0.0000	0.0073
0.0000	0.0000	0.0000	0.0000	1.1905	0.0000	0.0000	0.0000	0.0000	0.0000	1.0031	0.0000	0.0000	0.0000	0.0000	0.0000	0.9869	0.0000	0.0000	0.0000	0.0000	0.0000	0.8574	0.0000	0.0000	0.0000	0.0000	0.0000	0.9906	0.0000
0.0000	0.0000	0.0000	0.0000	0.0000	1.0271	0.0000	0.0000	0.0000	0.0000	0.0000	0.9428	0.0000	0.0000	0.0000	0.0000	0.0000	0.9385	0.0000	0.0000	0.0000	0.0000	0.0000	1.1383	0.0000	0.0000	0.0000	0.0000	0.0000	1.0893
Approximated J(p)v:
(3.7063723, 0.3624872, 3.4911692, 0.8162148)

Real delta(p,v):
(2.2944386, -0.03588921, 1.7835388, 0.5224205)

The matrix J(p):
0.0000	0.0000	0.9670	0.0000	0.0000	0.0000	0.0000	0.0988	0.9171	0.0000	0.0000	0.0000	0.0000	0.0562	1.0055	0.0000	0.0000	0.0000	0.0000	0.0000	1.0473	0.0000	0.0000	0.0000	0.0000	0.0000	0.8860	0.0000	0.0000	0.0000
0.0000	0.0000	0.0000	0.9522	0.0000	0.0000	0.0000	0.0000	0.0000	1.0165	0.0000	0.0000	0.0000	0.0000	0.0044	1.1381	0.0000	0.0392	0.0000	0.0000	0.0000	0.9730	0.0000	0.0000	0.0000	0.0000	0.0000	0.9587	0.0000	0.0557
0.0000	0.0000	0.0000	0.0000	0.9911	0.0000	0.0000	0.1373	0.0000	0.0000	0.8357	0.0000	0.0000	0.0000	0.0000	0.0000	0.8798	0.0000	0.0000	0.0000	0.0000	0.0000	0.9822	0.0000	0.0000	0.0000	0.0000	0.0000	1.1564	0.0000
0.0000	0.0000	0.0203	0.0000	0.0000	0.9174	0.0000	0.0000	0.0000	0.0000	0.0000	0.8776	0.0000	0.0000	0.0000	0.0000	0.0000	1.1331	0.0000	0.0000	0.0000	0.0000	0.0000	0.9588	0.0000	0.0000	0.0000	0.0000	0.0000	0.9220
Approximated J(p)v:
(-0.6316636, 2.799015, 4.3374104, -0.07346761)

Real delta(p,v):
(0.026712507, 3.290504, 5.057549, 0.2643968)

The matrix J(p):
0.0000	0.0000	0.9735	0.0000	0.0000	0.0518	0.0000	0.0000	1.0183	0.0000	0.0000	0.0378	0.0000	0.0000	1.0213	0.0127	0.0000	0.0355	0.0000	0.0000	0.9656	0.0000	0.0000	0.0000	0.0000	0.0000	1.0311	0.0000	0.0000	0.0000
0.0000	0.0000	0.0000	1.0298	0.0000	0.0000	0.0000	0.0000	0.0000	1.0112	0.0000	0.0000	0.0000	0.0000	0.0000	1.1132	0.0000	0.0000	0.0000	0.0000	0.0000	1.0721	0.0000	0.0000	0.0000	0.0000	0.0000	1.0266	0.0000	0.0000
0.0000	0.0000	0.0000	0.0000	1.0011	0.0000	0.0000	0.0000	0.0000	0.0000	0.9340	0.0421	0.0000	0.0000	0.0000	0.0000	0.8974	0.0000	0.0000	0.0000	0.0000	0.0000	0.9839	0.0000	0.0000	0.0000	0.0228	0.0000	0.9572	0.0000
0.0000	0.0000	0.0000	0.0000	0.0000	1.0253	0.0000	0.0000	0.0000	0.0000	0.0000	0.9084	0.0000	0.0000	0.0000	0.0000	0.0000	0.9777	0.0000	0.0000	0.0473	0.0000	0.0643	1.0208	0.0000	0.0000	0.0000	0.0000	0.0000	1.0321
Approximated J(p)v:
(1.0582672, 2.032921, 1.2536243, 4.054041)

Real delta(p,v):
(2.3093305, 5.052879, 2.356031, 7.2459645)

The matrix J(p):
0.0000	0.0000	0.9775	0.0000	0.0000	0.0000	0.0000	0.1893	0.8258	0.0000	0.0000	0.0408	0.0000	0.0000	1.0487	0.0000	0.0000	0.1560	0.0000	0.0000	1.0253	0.0000	0.0000	0.0000	0.0000	0.0000	0.9095	0.0000	0.0000	0.0000
0.0000	0.0000	0.0000	0.9961	0.0000	0.0000	0.0000	0.0000	0.0000	0.8898	0.0000	0.0000	0.0000	0.0000	0.0000	1.0744	0.0000	0.0000	0.0000	0.0000	0.0000	0.9574	0.0000	0.0000	0.0000	0.0000	0.0000	0.8603	0.0000	0.0000
0.0000	0.0000	0.0000	0.0000	0.9219	0.0000	0.0000	0.1537	0.0000	0.0000	0.7330	0.0610	0.0000	0.0000	0.0000	0.0000	0.9087	0.0000	0.0000	0.0000	0.0000	0.0000	0.9138	0.0000	0.0000	0.0000	0.0000	0.0000	1.2149	0.0000
0.0000	0.0000	0.0338	0.0000	0.0000	0.9687	0.0000	0.0000	0.0000	0.0000	0.0000	0.9207	0.0319	0.0000	0.0000	0.0000	0.0000	1.0412	0.0000	0.0000	0.0000	0.0000	0.0000	1.0139	0.0000	0.0000	0.0000	0.0000	0.0000	0.9076
Approximated J(p)v:
(-1.9007226, 0.5436045, 0.64932215, 2.6927116)

Real delta(p,v):
(-1.8668498, 0.16598594, 1.0314353, 2.5842366)

The matrix J(p):
0.0000	0.0000	1.0287	0.0000	0.0000	0.0000	0.0000	0.0000	0.8647	0.0000	0.0000	0.1778	0.0000	0.1439	0.9958	0.0000	0.0000	0.0105	0.0000	0.0000	1.0713	0.0000	0.0105	0.0000	0.0000	0.0000	0.8781	0.0000	0.0000	0.0000
0.0000	0.0000	0.0000	0.9915	0.0000	0.0000	0.0000	0.0000	0.0000	1.0055	0.0000	0.0000	0.0000	0.0000	0.1241	1.0318	0.0000	0.0000	0.0000	0.0000	0.0000	0.9721	0.0000	0.0726	0.0000	0.0000	0.0000	0.8930	0.0000	0.1274
0.0000	0.0000	0.0000	0.0000	1.0771	0.0000	0.0000	0.0693	0.0000	0.0000	0.8580	0.1845	0.0000	0.1104	0.0000	0.0000	0.8540	0.0000	0.0000	0.0000	0.0000	0.0000	0.9017	0.2610	0.0000	0.0000	0.0000	0.0000	1.1785	0.0000
0.0000	0.0000	0.0000	0.0000	0.0000	0.9904	0.0000	0.0000	0.0000	0.1464	0.0000	0.8634	0.0000	0.0000	0.0000	0.0000	0.0000	1.0061	0.0000	0.0000	0.0000	0.0000	0.0000	1.0073	0.0000	0.0000	0.0000	0.0000	0.0000	0.9619
Approximated J(p)v:
(0.6099731, 1.6639377, -1.3485234, 1.2118405)

Real delta(p,v):
(-1.1678358, 0.60731643, -2.474566, 0.39442283)

The matrix J(p):
0.0000	0.0000	0.9431	0.0000	0.0000	0.0000	0.0000	0.2093	0.8389	0.0000	0.0000	0.0000	0.0000	0.0272	1.0385	0.0000	0.0000	0.0246	0.0000	0.0000	1.0599	0.0000	0.0000	0.0000	0.0000	0.0000	0.8437	0.0000	0.0000	0.0000
0.0000	0.0000	0.0000	0.9522	0.0000	0.0000	0.0000	0.0000	0.0000	0.9628	0.0000	0.0000	0.0000	0.0000	0.0000	1.1258	0.0000	0.1499	0.0000	0.0000	0.0000	0.9456	0.0000	0.0000	0.0000	0.0000	0.0000	0.9128	0.0000	0.0618
0.0000	0.0000	0.0000	0.0000	0.8949	0.0000	0.0000	0.1993	0.0000	0.0000	0.7527	0.0000	0.0000	0.0000	0.0000	0.0000	0.8799	0.0000	0.0000	0.0000	0.0000	0.0000	0.9948	0.0000	0.0000	0.0000	0.0000	0.0000	1.2219	0.0000
0.0000	0.0000	0.0603	0.0000	0.0000	0.9070	0.0000	0.0000	0.0000	0.0000	0.0000	0.8786	0.0000	0.0000	0.0000	0.0000	0.0000	1.1620	0.0000	0.0000	0.0000	0.0000	0.0000	0.9204	0.0000	0.0000	0.0000	0.0000	0.0000	0.8423
Approximated J(p)v:
(1.8951944, 0.37310958, -0.15123624, -2.7595968)

Real delta(p,v):
(-2.4313054, 1.1673033, -4.714289, -2.1174302)

The matrix J(p):
0.0000	0.0000	0.9776	0.0000	0.0000	0.1882	0.0000	0.0000	0.9903	0.0000	0.0000	0.0000	0.0000	0.0000	1.0348	0.1282	0.0000	0.0000	0.0000	0.0000	0.9723	0.0762	0.0000	0.0000	0.0000	0.3274	0.9694	0.0506	0.0000	0.0000
0.0000	0.0000	0.0000	1.0133	0.0000	0.0000	0.0000	0.0000	0.0000	0.9692	0.0000	0.0002	0.0000	0.0000	0.0197	0.9682	0.0000	0.0000	0.4492	0.0000	0.0000	1.1593	0.0000	0.0000	0.0000	0.0000	0.0000	0.9515	0.0000	0.0000
0.0000	0.0000	0.0000	0.0000	0.8660	0.0000	0.0000	0.0000	0.0000	0.0000	0.9373	0.0000	0.0000	0.0000	0.0000	0.0000	1.0310	0.0000	0.0000	0.0000	0.0000	0.0000	0.9792	0.0000	0.0000	0.0000	0.0000	0.0000	0.9525	0.0000
0.0000	0.0000	0.0000	0.0000	0.0000	1.0476	0.0000	0.0000	0.0000	0.0000	0.0000	0.9712	0.0000	0.0000	0.0000	0.0000	0.0000	0.9425	0.0000	0.0000	0.0515	0.0000	0.0000	0.9700	0.0000	0.0000	0.0000	0.0000	0.0000	0.8054
Approximated J(p)v:
(-0.43790483, 0.26034063, 1.3452148, 2.249123)

Real delta(p,v):
(-0.3538909, -2.5173001, 1.1447692, -0.16938353)

The matrix J(p):
0.0000	0.0000	0.9565	0.0000	0.0000	0.0000	0.0000	0.0042	1.1349	0.0000	0.0000	0.0000	0.0000	0.0189	0.9034	0.0000	0.0000	0.0000	0.0000	0.0000	1.0364	0.0000	0.0000	0.0000	0.0000	0.0000	0.9558	0.0000	0.0000	0.0000
0.0000	0.0000	0.0000	0.9721	0.0000	0.0000	0.0000	0.0000	0.0000	1.1249	0.0000	0.0000	0.0000	0.0000	0.0470	1.2076	0.0000	0.0999	0.0000	0.0000	0.0000	1.0957	0.0000	0.0000	0.0000	0.0000	0.0000	1.1004	0.0000	0.0780
0.0000	0.0000	0.0000	0.0000	1.1152	0.0000	0.0000	0.1128	0.1956	0.0000	1.0271	0.0000	0.0000	0.0000	0.0000	0.0000	0.8939	0.0000	0.0000	0.0000	0.0000	0.0000	1.0177	0.0000	0.0000	0.0000	0.0000	0.0000	0.9226	0.0000
0.0000	0.0000	0.0000	0.0000	0.0000	1.0259	0.0000	0.0000	0.0000	0.0917	0.0000	0.8137	0.0000	0.0000	0.0000	0.0000	0.0000	1.1040	0.0000	0.0000	0.0000	0.0000	0.0000	0.9792	0.0000	0.0000	0.0000	0.0000	0.0000	1.0524
Approximated J(p)v:
(0.5245967, -2.718081, -1.5482898, 2.398557)

Real delta(p,v):
(-2.8376262, -1.1126177, -4.9216695, 4.2099423)

The matrix J(p):
0.0000	0.0000	0.9894	0.0000	0.0000	0.0059	0.0000	0.0000	0.9143	0.0000	0.0000	0.1576	0.0000	0.0000	1.0466	0.0000	0.0000	0.0208	0.0000	0.0000	0.9963	0.0000	0.0000	0.0000	0.0000	0.0000	0.9834	0.0000	0.0000	0.0000
0.0000	0.0000	0.0000	1.0711	0.0000	0.0000	0.0000	0.0000	0.0000	0.9625	0.0000	0.0000	0.0000	0.0000	0.0000	1.0075	0.0000	0.0000	0.0000	0.0000	0.0000	1.0711	0.0000	0.0000	0.0000	0.0000	0.0589	0.9480	0.0000	0.0000
0.0000	0.0000	0.0000	0.0000	0.9542	0.0000	0.0000	0.0000	0.0000	0.0000	0.8948	0.1644	0.0000	0.0000	0.0000	0.0000	0.8762	0.0000	0.0000	0.0272	0.0000	0.0000	0.9555	0.0000	0.0000	0.0000	0.0203	0.0000	0.9969	0.0000
0.0000	0.0000	0.0000	0.0000	0.0000	1.0962	0.0000	0.0000	0.0000	0.0000	0.0000	0.8866	0.0000	0.0000	0.0000	0.0000	0.0000	0.8959	0.0000	0.0000	0.0137	0.0000	0.0000	0.9986	0.0000	0.0000	0.0000	0.0000	0.0000	0.9696
Approximated J(p)v:
(0.8354753, 1.2959619, -1.8459044, -2.509949)

Real delta(p,v):
(-2.671658, -2.7583063, -5.587582, -6.7168913)

The matrix J(p):
0.0000	0.0000	0.9588	0.0000	0.0000	0.0000	0.0000	0.1290	1.1049	0.0000	0.0000	0.0000	0.0000	0.0000	0.9901	0.3542	0.0754	0.1373	0.0000	0.0000	0.9156	0.0000	0.0000	0.0000	0.0000	0.0000	1.1005	0.0000	0.0000	0.0000
0.0000	0.0000	0.0000	0.9810	0.0476	0.0000	0.0000	0.0000	0.0000	0.9578	0.0000	0.1241	0.2040	0.0000	0.0000	1.2386	0.0362	0.0000	0.0000	0.0000	0.0000	1.0508	0.0000	0.0000	0.0000	0.0000	0.0874	1.0361	0.0000	0.0000
0.0000	0.0000	0.0000	0.0000	1.0289	0.0000	0.0000	0.0832	0.1152	0.0000	0.8802	0.0000	0.0000	0.0000	0.0000	0.0000	0.9885	0.0000	0.0000	0.0000	0.0000	0.0000	0.9403	0.0000	0.0000	0.1347	0.0940	0.0000	0.9901	0.0000
0.0000	0.0000	0.0000	0.0000	0.0000	0.9519	0.0000	0.0000	0.0000	0.0000	0.0000	0.9810	0.1566	0.0000	0.0000	0.0000	0.0000	1.0578	0.0000	0.0000	0.0000	0.1303	0.1215	1.1214	0.2398	0.0000	0.0000	0.0000	0.0000	1.1041
Approximated J(p)v:
(1.9320285, -1.6626817, 3.1750546, -2.9910045)

Real delta(p,v):
(1.823548, -0.56821775, 3.030149, -2.4695811)

The matrix J(p):
0.0000	0.0000	1.0363	0.0000	0.0000	0.0020	0.0000	0.0000	0.8894	0.0000	0.0000	0.3165	0.0000	0.0000	1.0941	0.0000	0.0000	0.0000	0.0000	0.0000	0.9846	0.0000	0.0000	0.0000	0.0000	0.0000	0.9926	0.0000	0.0224	0.0000
0.0000	0.0000	0.0000	1.0729	0.0000	0.0000	0.0000	0.0000	0.0676	1.0420	0.0000	0.0000	0.0000	0.0000	0.0000	0.9167	0.0000	0.0000	0.0000	0.0000	0.0000	1.0716	0.1710	0.0000	0.0000	0.0000	0.0048	0.9672	0.0000	0.0000
0.0000	0.0000	0.0000	0.0000	0.9910	0.0000	0.0000	0.0000	0.0000	0.0000	0.9738	0.3154	0.0000	0.0000	0.2124	0.0000	0.8328	0.0000	0.0000	0.0596	0.0000	0.0000	0.9744	0.0000	0.0000	0.0000	0.0352	0.0000	0.9772	0.0000
0.0000	0.0000	0.0000	0.0000	0.0000	1.0466	0.0000	0.0000	0.1448	0.0000	0.0000	0.9151	0.0000	0.0000	0.0000	0.0000	0.0000	0.8381	0.0000	0.0000	0.0000	0.0000	0.0000	0.9718	0.0000	0.0000	0.0000	0.0000	0.1557	0.9522
Approximated J(p)v:
(-1.3128613, -0.3434806, 0.21333957, -1.1957302)

Real delta(p,v):
(-4.517003, -1.7943633, -2.9308882, -2.5544598)

The matrix J(p):
0.0000	0.0000	1.0384	0.0000	0.0000	0.0000	0.0000	0.0000	1.2031	0.0000	0.0000	0.0000	0.0000	0.0000	0.8859	0.0000	0.0000	0.0000	0.0000	0.0000	0.9969	0.0000	0.0000	0.0000	0.0000	0.0000	1.0154	0.0000	0.0000	0.0000
0.0000	0.0000	0.0000	0.9584	0.0000	0.0000	0.0000	0.0000	0.0000	1.1509	0.0000	0.0000	0.0000	0.0000	0.1072	1.0986	0.0000	0.0000	0.0000	0.0000	0.0000	1.1577	0.0000	0.0000	0.0000	0.0000	0.0000	1.0768	0.0000	0.0691
0.0000	0.0000	0.0000	0.0000	1.2193	0.0000	0.0000	0.0000	0.0368	0.0000	1.1299	0.0000	0.0000	0.0000	0.0000	0.0000	0.9916	0.0000	0.0000	0.0000	0.0000	0.0000	0.9330	0.0000	0.0000	0.0000	0.0000	0.0000	0.8796	0.0000
0.0000	0.0000	0.0000	0.0000	0.0000	1.0155	0.0000	0.0000	0.0000	0.0176	0.0000	0.9116	0.0000	0.0000	0.0000	0.0000	0.0000	0.9901	0.0000	0.0000	0.0000	0.0000	0.0000	1.0732	0.0000	0.0000	0.0000	0.0000	0.0000	1.0642
Approximated J(p)v:
(-1.1457787, 0.86648375, -4.5623765, 1.2190616)

Real delta(p,v):
(-1.466677, -0.009262443, -4.181009, 0.6563176)

The matrix J(p):
0.0000	0.0000	1.0018	0.0000	0.0000	0.0000	0.0000	0.0088	0.9254	0.0000	0.0000	0.0464	0.0000	0.0626	1.0224	0.0000	0.0000	0.0945	0.0000	0.0000	1.0144	0.0000	0.0000	0.0000	0.0000	0.0000	0.9341	0.0000	0.0000	0.0000
0.0000	0.0000	0.0000	0.9350	0.0000	0.0000	0.0000	0.0000	0.0000	1.0236	0.0000	0.0000	0.0000	0.0000	0.0000	1.1406	0.0000	0.0000	0.0000	0.0000	0.0000	0.9419	0.0000	0.0000	0.0000	0.0000	0.0000	0.9560	0.0000	0.0000
0.0000	0.0000	0.0000	0.0000	1.0518	0.0000	0.0000	0.0579	0.0000	0.0000	0.8398	0.0563	0.0000	0.0000	0.0000	0.0000	0.8873	0.0000	0.0000	0.0000	0.0000	0.0000	0.9458	0.0000	0.0000	0.0000	0.0000	0.0000	1.1879	0.0000
0.0000	0.0000	0.0909	0.0000	0.0000	0.8504	0.0000	0.0000	0.0000	0.0000	0.0000	0.9355	0.0000	0.0000	0.0000	0.0000	0.0000	1.1189	0.0000	0.0000	0.0000	0.0000	0.0000	1.0187	0.0000	0.0000	0.0000	0.0000	0.0000	0.9768
Approximated J(p)v:
(-4.593653, -0.8481751, -0.23652622, -2.5744135)

Real delta(p,v):
(0.6173217, 0.73880696, 5.1661134, -0.5606332)

The matrix J(p):
0.0000	0.6543	0.9973	0.0000	0.0000	0.2006	0.0000	0.0000	0.9914	0.0000	0.0000	0.4571	0.0000	0.0000	1.1201	0.0000	0.0000	0.0875	0.0000	0.0000	0.9354	0.0000	0.0000	0.0000	0.0000	0.0000	1.0380	0.0000	0.1979	0.0000
0.0000	0.0000	0.0000	0.9752	0.0000	0.0000	0.0000	0.0000	0.0000	1.1705	0.0000	0.0000	0.0000	0.0000	0.0000	1.1021	0.0000	0.1253	0.0000	0.0000	0.0000	1.0080	0.0000	0.0000	0.0000	0.0000	0.0000	1.1208	0.0000	0.0000
0.0000	0.6514	0.0000	0.0000	1.0143	0.0000	0.0000	0.0000	0.0000	0.0000	1.0112	0.4516	0.0000	0.0000	0.0668	0.0000	0.8002	0.0000	0.0000	0.0302	0.0000	0.0000	1.0932	0.0000	0.0000	0.0000	0.1181	0.0000	0.9749	0.0000
0.0000	0.0000	0.0000	0.0000	0.0000	0.8105	0.0000	0.0000	0.0000	0.0000	0.0000	0.9601	0.0000	0.0000	0.0000	0.0000	0.0000	1.0528	0.0000	0.0000	0.1761	0.0000	0.1251	0.9286	0.0000	0.0000	0.0000	0.2736	0.0000	0.9964
Approximated J(p)v:
(1.2865474, -0.8233212, 1.5478197, -2.0171893)

Real delta(p,v):
(3.6451569, 0.95637894, 4.2707233, -0.070868015)

The matrix J(p):
0.0000	0.0000	0.9829	0.0000	0.0000	0.0000	0.0000	0.1062	1.0694	0.0000	0.0000	0.0000	0.0000	0.0000	0.9762	0.3902	0.0339	0.1223	0.0000	0.0000	0.9384	0.0000	0.0000	0.0000	0.0000	0.0000	1.0878	0.0000	0.0000	0.0000
0.0000	0.0000	0.0000	1.0268	0.1609	0.0000	0.0000	0.0000	0.0000	0.9271	0.0000	0.0367	0.1240	0.0000	0.0000	1.1627	0.0000	0.0000	0.0000	0.0000	0.0000	1.0741	0.0000	0.0000	0.0000	0.0000	0.1984	0.9870	0.0000	0.0000
0.0000	0.0000	0.0000	0.0000	1.0508	0.0000	0.0000	0.0784	0.0610	0.0000	0.8871	0.0000	0.0000	0.0000	0.0000	0.0000	0.9782	0.0000	0.0000	0.0000	0.0000	0.0000	0.8930	0.0000	0.0000	0.0446	0.0281	0.0000	0.9786	0.0000
0.0000	0.0000	0.0000	0.0000	0.0000	1.0530	0.0000	0.0000	0.0000	0.0000	0.0000	0.9501	0.0906	0.0000	0.0000	0.0000	0.0000	0.9582	0.0000	0.0000	0.0000	0.1297	0.0000	1.1411	0.0739	0.0000	0.0000	0.0000	0.0000	1.1151
Approximated J(p)v:
(-0.013503894, 2.549413, 0.78075355, 1.516543)

Real delta(p,v):
(1.9444184, 2.1269422, 2.7462072, 1.1251957)

The matrix J(p):
0.0000	0.0000	1.0282	0.0000	0.0000	0.0000	0.0000	0.0000	1.0240	0.0000	0.0000	0.0000	0.0000	0.0000	0.9862	0.0000	0.0000	0.0000	0.0000	0.0000	0.9878	0.0000	0.0000	0.0000	0.0000	0.0000	1.0128	0.0000	0.0000	0.0000
0.0000	0.0000	0.0000	1.0302	0.0000	0.0000	0.0000	0.0000	0.0000	1.0292	0.0000	0.0000	0.0000	0.0000	0.0220	1.0253	0.0000	0.0000	0.0000	0.0000	0.0000	1.1002	0.0000	0.0000	0.0000	0.0000	0.0000	0.9840	0.0000	0.0000
0.0000	0.0000	0.0000	0.0000	1.0857	0.0000	0.0000	0.0000	0.0000	0.0000	0.9894	0.0000	0.0000	0.0000	0.0000	0.0000	0.9271	0.0000	0.0000	0.0000	0.0000	0.0000	0.9192	0.0000	0.0000	0.0000	0.0000	0.0000	0.9605	0.0000
0.0000	0.0000	0.0000	0.0000	0.0000	1.0623	0.0000	0.0000	0.0000	0.0000	0.0000	0.9148	0.0000	0.0000	0.0000	0.0000	0.0000	0.9031	0.0000	0.0000	0.0000	0.0000	0.0000	1.0582	0.0000	0.0000	0.0000	0.0000	0.0000	1.0286
Approximated J(p)v:
(0.009541273, 1.8262484, -3.1059873, 0.15829521)

Real delta(p,v):
(-2.1793604, 5.6675854, -5.522215, 4.0983667)

The matrix J(p):
0.0000	0.0000	0.9063	0.0000	0.0000	0.0000	0.0000	0.2203	0.9384	0.0000	0.0000	0.0000	0.0000	0.0190	1.0314	0.0000	0.0000	0.0000	0.0000	0.0000	1.0293	0.1178	0.0000	0.0000	0.0000	0.0000	0.8734	0.0000	0.0000	0.0000
0.0000	0.0000	0.0000	0.8954	0.0000	0.0000	0.0000	0.0000	0.0000	1.0319	0.0000	0.0000	0.0000	0.0000	0.0000	1.2446	0.0782	0.4419	0.0000	0.0000	0.0000	0.9450	0.0000	0.0000	0.0000	0.0000	0.0000	1.0139	0.0000	0.0000
0.0000	0.0000	0.0000	0.0000	0.8928	0.0000	0.0000	0.2040	0.0787	0.0000	0.7902	0.0000	0.0000	0.0000	0.0000	0.0000	0.8958	0.0000	0.0000	0.0000	0.0000	0.0000	1.0699	0.0000	0.0000	0.0000	0.0000	0.0000	1.1802	0.0000
0.0000	0.0000	0.0974	0.0000	0.0000	0.7994	0.0000	0.0000	0.0000	0.0000	0.0000	0.9008	0.0000	0.0000	0.0000	0.0000	0.0000	1.2914	0.0000	0.0000	0.0000	0.0000	0.0752	0.8941	0.0000	0.0000	0.0000	0.0000	0.0000	0.8551
Approximated J(p)v:
(2.274372, 5.5836124, -1.3810225, -0.27138996)

Real delta(p,v):
(2.5420763, 4.385707, -1.2334287, -1.3623248)

The matrix J(p):
0.0000	0.0000	0.9749	0.0000	0.0000	0.1618	0.0000	0.0000	1.0036	0.0000	0.0000	0.0000	0.0000	0.0000	1.0180	0.0000	0.0000	0.0000	0.0000	0.0000	0.9984	0.0000	0.0000	0.0000	0.0000	0.1345	0.9811	0.0000	0.0000	0.0000
0.0000	0.0000	0.0000	1.0548	0.0000	0.0000	0.0000	0.0000	0.0000	1.0458	0.0000	0.0000	0.0000	0.0000	0.0009	1.0235	0.0000	0.0000	0.0000	0.0000	0.0000	1.1315	0.0000	0.0000	0.0000	0.0000	0.0000	1.0261	0.0000	0.0000
0.0000	0.0000	0.0000	0.0000	0.9653	0.0000	0.0000	0.0000	0.0000	0.0000	0.9947	0.0000	0.0000	0.0000	0.0000	0.0000	0.8881	0.0000	0.0000	0.0000	0.0000	0.0000	1.0159	0.0000	0.0000	0.0000	0.0000	0.0000	0.8960	0.0000
0.0000	0.0000	0.0000	0.0000	0.0000	1.0976	0.0000	0.0000	0.0000	0.0000	0.0000	0.8662	0.0000	0.0000	0.0000	0.0000	0.0000	0.9275	0.0000	0.0000	0.2453	0.0000	0.0000	0.9499	0.0000	0.0000	0.0000	0.0000	0.0000	0.9485
Approximated J(p)v:
(-1.7009555, 0.081621915, -2.2006605, -1.4845443)

Real delta(p,v):
(-0.77637225, -0.26178646, -1.0327382, -2.083838)

The matrix J(p):
0.0000	0.0000	1.0302	0.0000	0.0000	0.0000	0.0000	0.0031	0.8856	0.0000	0.0000	0.0072	0.0000	0.0000	0.9915	0.0000	0.0000	0.0251	0.0000	0.0000	1.0339	0.0000	0.0000	0.0000	0.0000	0.0000	0.9435	0.0000	0.0000	0.0000
0.0000	0.0000	0.0000	1.0421	0.0000	0.0000	0.0000	0.0000	0.1152	0.9138	0.0000	0.0000	0.0000	0.0000	0.1024	1.0016	0.0000	0.0000	0.0000	0.0000	0.0000	1.0250	0.1435	0.1057	0.0000	0.0000	0.0000	0.8566	0.0000	0.0339
0.0000	0.0000	0.0000	0.0000	1.0484	0.0000	0.0000	0.0554	0.0000	0.0000	0.8382	0.0159	0.0000	0.0000	0.0000	0.0000	0.9159	0.0000	0.0000	0.0000	0.0000	0.0000	0.8458	0.0474	0.0000	0.0000	0.0000	0.0000	1.1220	0.0000
0.0000	0.0000	0.0000	0.0000	0.0000	1.0925	0.0000	0.0000	0.0000	0.0000	0.0000	0.8934	0.0000	0.0000	0.0000	0.0000	0.0000	0.9005	0.0000	0.0000	0.0000	0.0000	0.0000	1.0805	0.0000	0.0000	0.0000	0.0000	0.0000	0.9967
Approximated J(p)v:
(1.5389895, 4.5197525, -3.42095, 1.3652626)

Real delta(p,v):
(2.74693, 6.3876495, -2.937761, 3.0461693)

The matrix J(p):
0.0000	1.2157	0.9596	0.0000	0.0000	0.4929	0.0000	0.0000	1.0188	0.0000	0.0000	0.0000	0.0000	0.0000	1.1813	0.0000	0.0000	0.0000	0.0000	0.0000	0.8943	0.1125	0.0000	0.0000	0.0000	0.0000	1.0255	0.0000	0.3379	0.0000
0.0000	0.0000	0.0000	0.8676	0.0000	0.0000	0.0000	0.0000	0.0000	1.2415	0.0000	0.0000	0.0000	0.0000	0.0000	1.1760	0.0000	0.2056	0.0000	0.0000	0.0000	0.9735	0.0000	0.0000	0.0000	0.0000	0.0000	1.1914	0.0000	0.0000
0.0000	1.1678	0.0000	0.0000	0.9111	0.0000	0.0000	0.0000	0.0000	0.0000	1.0016	0.0000	0.0000	0.0000	0.0929	0.0000	0.8466	0.0000	0.0000	0.0000	0.0000	0.0000	1.2041	0.0000	0.0000	0.0000	0.1685	0.0000	1.0213	0.0000
0.0000	0.0000	0.0000	0.0000	0.0000	0.5726	0.0000	0.0000	0.0000	0.0000	0.0000	1.0553	0.0000	0.0000	0.0000	0.0000	0.0000	1.2482	0.0000	0.0000	0.3673	0.0000	0.2850	0.8428	0.0000	0.0000	0.0000	0.6427	0.0000	0.8605
Approximated J(p)v:
(-0.652084, -1.4872143, -1.5863653, -1.4281471)

Real delta(p,v):
(1.0410898, -2.0822768, -0.13042057, -2.0558126)

The matrix J(p):
0.0000	0.0000	1.0051	0.0000	0.0000	0.1455	0.0000	0.0000	0.8740	0.0000	0.0000	0.0000	0.0000	0.0000	1.1140	0.0000	0.0000	0.0000	0.0000	0.0000	0.9675	0.0000	0.0000	0.0000	0.0000	0.0000	0.9599	0.0000	0.0000	0.0000
0.0000	0.0000	0.0000	1.0169	0.0000	0.0000	0.0000	0.0000	0.0472	0.9732	0.0000	0.0000	0.0000	0.0000	0.0000	0.9178	0.0000	0.0000	0.0000	0.0000	0.0000	1.0800	0.0241	0.0000	0.0000	0.0000	0.0000	0.9179	0.0000	0.0000
0.0000	0.0000	0.0000	0.0000	0.8532	0.0000	0.0000	0.0000	0.0000	0.0000	0.8905	0.0000	0.0000	0.0000	0.1751	0.0000	0.9555	0.0000	0.0000	0.0000	0.0000	0.0000	0.9815	0.0000	0.0000	0.0000	0.0379	0.0000	1.0455	0.0000
0.0000	0.0000	0.0000	0.0000	0.0000	0.9693	0.0000	0.0000	0.0000	0.0000	0.0000	0.9970	0.0000	0.0000	0.0000	0.0000	0.0000	0.9253	0.0000	0.0000	0.0000	0.0000	0.0000	0.9513	0.0000	0.0000	0.0000	0.0000	0.0000	0.7925
Approximated J(p)v:
(1.0829935, 1.4434929, 0.9524703, -0.6849848)

Real delta(p,v):
(2.2943387, 1.5831783, 1.8006768, -0.4026125)

The matrix J(p):
0.0000	0.0000	0.9500	0.0000	0.0000	0.0000	0.0000	0.1312	1.0273	0.0000	0.0000	0.0000	0.0000	0.0000	0.9515	0.0000	0.0000	0.0000	0.0000	0.0000	1.0284	0.0000	0.0000	0.0000	0.0000	0.0000	0.9482	0.0000	0.0000	0.0000
0.0000	0.0000	0.0000	1.0040	0.0000	0.0000	0.0000	0.0000	0.0000	1.0053	0.0000	0.0000	0.0000	0.0000	0.0249	1.1554	0.0000	0.0430	0.0000	0.0000	0.0000	1.0709	0.0000	0.0000	0.0000	0.0000	0.0000	1.0055	0.0000	0.0210
0.0000	0.0000	0.0000	0.0000	1.0120	0.0000	0.0000	0.1606	0.1090	0.0000	0.9089	0.0000	0.0000	0.0000	0.0000	0.0000	0.9144	0.0000	0.0000	0.0000	0.0000	0.0000	0.9768	0.0000	0.0000	0.0000	0.0000	0.0000	0.9986	0.0000
0.0000	0.0000	0.0000	0.0000	0.0000	1.0591	0.0000	0.0000	0.0000	0.0000	0.0000	0.8431	0.0000	0.0000	0.0000	0.0000	0.0000	1.0544	0.0000	0.0000	0.0000	0.0000	0.0000	0.9959	0.0000	0.0000	0.0000	0.0000	0.0000	0.9974
Approximated J(p)v:
(2.5766068, 2.728382, -0.5102389, -0.6268639)

Real delta(p,v):
(5.509931, 3.740481, 2.198817, 0.14908761)

The matrix J(p):
0.0000	0.0000	1.0490	0.0000	0.0000	0.0000	0.0000	0.0000	0.8970	0.0000	0.0000	0.0000	0.0000	0.0000	1.0362	0.0000	0.0000	0.0000	0.0000	0.0000	1.0064	0.0000	0.0000	0.0000	0.0000	0.0000	0.9523	0.0000	0.0000	0.0000
0.0000	0.0000	0.0000	1.0163	0.0000	0.0000	0.0000	0.0000	0.1727	0.9792	0.0000	0.0000	0.0000	0.0000	0.0662	0.9399	0.0000	0.0000	0.0000	0.0000	0.0000	1.0506	0.1857	0.0000	0.0000	0.0000	0.0000	0.8879	0.0000	0.0000
0.0000	0.0000	0.0000	0.0000	1.0216	0.0000	0.0000	0.0000	0.0000	0.0000	0.9050	0.0000	0.0000	0.0000	0.0000	0.0000	0.9359	0.0000	0.0000	0.0000	0.0000	0.0000	0.8895	0.0000	0.0000	0.0000	0.0000	0.0000	1.0896	0.0000
0.0000	0.0000	0.0000	0.0000	0.0000	1.0132	0.0000	0.0000	0.0466	0.0000	0.0000	0.9530	0.0000	0.0000	0.0000	0.0000	0.0000	0.8982	0.0000	0.0000	0.0000	0.0000	0.0000	1.0380	0.0000	0.0000	0.0000	0.0000	0.0000	0.9182
Approximated J(p)v:
(-2.2634048, 0.3865462, -1.6339799, 2.0368385)

Real delta(p,v):
(-3.9041219, 3.3504415, -3.3874326, 5.163362)

The matrix J(p):
0.0000	0.0000	0.9400	0.0000	0.0000	0.0520	0.0000	0.1623	1.1054	0.0000	0.0000	0.0000	0.0000	0.0000	1.0067	0.2735	0.0766	0.1541	0.0000	0.0000	0.9068	0.0000	0.0000	0.0000	0.0000	0.0000	1.0947	0.0000	0.0000	0.0000
0.0000	0.0000	0.0000	0.9508	0.0000	0.0000	0.0000	0.0000	0.0000	0.9680	0.0000	0.1727	0.2576	0.0000	0.0000	1.2807	0.0966	0.1240	0.0000	0.0000	0.0000	1.0271	0.0000	0.0000	0.0000	0.0000	0.0000	1.0551	0.0000	0.0000
0.0000	0.0000	0.0000	0.0000	0.9960	0.0000	0.0000	0.0981	0.1370	0.0000	0.8574	0.0000	0.0000	0.0000	0.0000	0.0000	0.9920	0.0000	0.0000	0.0000	0.0000	0.0000	0.9728	0.0000	0.0000	0.1751	0.1244	0.0000	1.0172	0.0000
0.0000	0.0000	0.0000	0.0000	0.0000	0.8829	0.0000	0.0000	0.0000	0.0000	0.0000	0.9994	0.2078	0.0000	0.0000	0.0000	0.0000	1.1283	0.0000	0.0000	0.0000	0.1195	0.2239	1.0980	0.3325	0.0000	0.0000	0.0000	0.0000	1.0769
Approximated J(p)v:
(0.08459103, -0.2889433, 1.4121615, -1.0667204)

Real delta(p,v):
(3.059846, -2.0652857, 4.8750534, -2.7081501)

The matrix J(p):
0.0000	0.0000	1.0205	0.0000	0.0000	0.0000	0.0000	0.0000	0.8262	0.0000	0.0000	0.4396	0.0000	0.0000	1.0592	0.0000	0.0000	0.0771	0.0000	0.0000	1.0247	0.0000	0.0000	0.0000	0.0000	0.0505	0.9575	0.0000	0.0000	0.0000
0.0000	0.0000	0.0000	1.1281	0.0000	0.0000	0.0000	0.0000	0.1465	0.9211	0.0000	0.0000	0.0000	0.0000	0.0755	0.8989	0.0000	0.0000	0.0000	0.0000	0.0000	1.0745	0.2988	0.0000	0.0000	0.0000	0.2119	0.8753	0.0000	0.0000
0.0000	0.0000	0.0000	0.0000	0.9570	0.0000	0.0000	0.0000	0.0000	0.0000	0.8792	0.4424	0.0000	0.0000	0.0882	0.0000	0.8403	0.0000	0.0000	0.2044	0.0000	0.0000	0.9066	0.0000	0.0000	0.0000	0.0181	0.0000	1.0152	0.2454
0.0000	0.0000	0.0000	0.0000	0.0000	1.1949	0.0000	0.0000	0.3871	0.0000	0.0000	0.8549	0.0000	0.0000	0.0000	0.0000	0.0000	0.7766	0.0000	0.0000	0.0000	0.0000	0.0000	1.0050	0.0000	0.0000	0.0000	0.0000	0.0000	0.9625
Approximated J(p)v:
(-0.07976127, -0.89819074, -6.5217075, -2.404511)

Real delta(p,v):
(-3.5501447, 4.268959, -10.166955, 2.6424224)

The matrix J(p):
0.0000	0.0000	0.9931	0.0000	0.0000	0.0000	0.0000	0.0000	1.1192	0.0000	0.0000	0.0000	0.0000	0.0000	0.9906	0.0712	0.0000	0.0000	0.0000	0.0000	0.9128	0.0000	0.0000	0.0000	0.0000	0.0000	1.0846	0.0000	0.0000	0.0000
0.0000	0.0000	0.0000	0.9523	0.0000	0.0000	0.0000	0.0000	0.0000	0.9921	0.0000	0.1458	0.0000	0.0000	0.0000	1.1581	0.0709	0.0000	0.0000	0.0000	0.0000	1.0870	0.0000	0.0000	0.0000	0.0000	0.0000	1.0200	0.0000	0.0000
0.0000	0.0000	0.0000	0.0000	1.0386	0.0000	0.0000	0.0000	0.0000	0.0000	0.9354	0.0000	0.0000	0.0000	0.0000	0.0000	1.0477	0.0000	0.0000	0.0000	0.0000	0.0000	0.9277	0.0000	0.0000	0.0000	0.0000	0.0000	0.9859	0.0000
0.0000	0.0000	0.0000	0.0000	0.0000	0.9164	0.0000	0.0000	0.0000	0.0000	0.0000	1.0315	0.0000	0.0000	0.0000	0.0000	0.0000	1.0368	0.0000	0.0000	0.0000	0.0463	0.0000	1.1156	0.0000	0.0000	0.0000	0.0000	0.0000	1.0248
Approximated J(p)v:
(2.2888927, 3.199673, 2.3931305, 1.3555943)

Real delta(p,v):
(-0.17171723, -1.8190706, 0.41437304, -4.008368)

The matrix J(p):
0.0000	0.0000	0.9988	0.0000	0.0000	0.0000	0.0000	0.0000	0.8555	0.0000	0.0000	0.0000	0.0000	0.3189	1.0347	0.0000	0.0000	0.0000	0.0000	0.0000	1.0960	0.1147	0.0000	0.0000	0.0000	0.0000	0.7583	0.0000	0.0000	0.0000
0.0000	0.0000	0.0000	0.8046	0.0000	0.0000	0.3706	0.0000	0.0000	1.1622	0.0000	0.0000	0.0000	0.0000	0.0489	1.1447	0.0972	0.0000	0.0000	0.0000	0.0000	0.8573	0.0000	0.0000	0.0000	0.0000	0.0000	0.9661	0.0000	0.2435
0.0000	0.0000	0.0000	0.0000	1.0331	0.0000	0.0000	0.0000	0.0000	0.0000	0.8408	0.0000	0.0000	0.2523	0.0000	0.0000	0.8526	0.0000	0.0000	0.0000	0.0000	0.0000	1.0388	0.2845	0.0000	0.0000	0.0000	0.0000	1.3508	0.0000
0.0000	0.0000	0.2575	0.2840	0.0000	0.6263	0.0000	0.0000	0.0000	0.2554	0.2367	0.9234	0.0000	0.0000	0.0000	0.0000	0.2662	1.3469	0.0000	0.0000	0.0000	0.0000	0.0000	0.8587	0.0000	0.0000	0.0000	0.0000	0.0000	0.7762
Approximated J(p)v:
(3.6102402, -1.4809661, -3.329744, -4.3925757)

Real delta(p,v):
(5.591689, -2.3080375, -1.461525, -5.7666802)

The matrix J(p):
0.0000	0.0000	1.0119	0.0000	0.0000	0.1796	0.0000	0.0000	0.9926	0.0000	0.0000	0.0000	0.0000	0.0000	1.0834	0.0811	0.0000	0.0000	0.0000	0.0000	0.9252	0.0712	0.0000	0.0000	0.0000	0.1300	1.0123	0.0087	0.0000	0.0000
0.0984	0.0000	0.0000	0.9743	0.0000	0.0000	0.0000	0.0000	0.0391	1.0015	0.0000	0.1033	0.0000	0.0000	0.0000	0.9478	0.0000	0.0000	0.1835	0.0000	0.0000	1.1327	0.0000	0.0000	0.0000	0.0000	0.0000	0.9610	0.0000	0.0000
0.0000	0.0000	0.0000	0.0000	0.8848	0.0000	0.0000	0.0000	0.0000	0.0000	0.9548	0.0000	0.0000	0.0000	0.1010	0.0000	1.0537	0.0000	0.0000	0.0000	0.0000	0.0155	0.9758	0.0000	0.0000	0.0000	0.0000	0.0000	0.9850	0.0000
0.0746	0.0000	0.0000	0.0000	0.0000	0.9213	0.0000	0.0000	0.0000	0.0000	0.0000	1.0653	0.0000	0.0000	0.0000	0.0000	0.0000	0.9516	0.0000	0.0000	0.0000	0.0000	0.0000	0.9950	0.0000	0.0000	0.0000	0.0000	0.0000	0.7955



-------------------



Parameters: n=3 m=5 l=4 objective=Formation
num_samples=5000
num_epochs=2000
batch_size=100
num_batches=50 
Loss: 4.9299178981781
Time: 0h 2m 22s
Ended at: Tue Jun 27 13:58:15 IDT 2023
